2025-08-16 21:54:39,429 [INFO] Activator:176 - 


2025-08-16 21:54:39,432 [INFO] Activator:177 - !SESSION log4j initialized
2025-08-16 21:54:42,761 [INFO] LogOutputStream:77 - [STDOUT_REDIRECT] 
2025-08-16 21:54:44,606 [INFO] ApplicationProperties:184 - Using Application install path: /home/tuna/st/stm32cubeide_1.18.1/plugins/com.st.stm32cube.common.mx_6.15.0.202507011659
2025-08-16 21:54:44,621 [INFO] DbMcusXml:78 - Set database path to: /home/tuna/st/stm32cubeide_1.18.1/plugins/com.st.stm32cube.common.mx_6.15.0.202507011659//db//mcu/
2025-08-16 21:54:44,621 [INFO] ApiDb:274 - Set plugin database path to: /home/tuna/st/stm32cubeide_1.18.1/plugins/com.st.stm32cube.common.mx_6.15.0.202507011659//db//plugins/boardmanager/
2025-08-16 21:54:44,621 [WARN] ApiDb:259 - Overriding images path with different value:  => /home/tuna/st/stm32cubeide_1.18.1/plugins/com.st.stm32cube.common.mx_6.15.0.202507011659//db//plugins/mcufinder/images/
2025-08-16 21:54:44,629 [INFO] ApiDb:250 - Set database path to: /home/tuna/.stmcufinder/plugins/mcufinder//mcu/
2025-08-16 21:54:44,630 [INFO] DbMcusAds:125 - Set database path to: /home/tuna/.stmcufinder/plugins/mcufinder//mcu/
2025-08-16 21:54:45,633 [INFO] CrossReferenceDbSqlite:203 - Set database path to: /home/tuna/.stmcufinder/plugins/mcufinder//mcu/cs/
2025-08-16 21:54:45,715 [INFO] RulesReader:64 - Compatibility file has been processed (317 Rules)
2025-08-16 21:54:45,775 [INFO] DbMcusXml:78 - Set database path to: /home/tuna/st/stm32cubeide_1.18.1/plugins/com.st.stm32cube.common.mx_6.15.0.202507011659//db//mcu/
2025-08-16 21:54:45,775 [INFO] ApiDb:274 - Set plugin database path to: /home/tuna/st/stm32cubeide_1.18.1/plugins/com.st.stm32cube.common.mx_6.15.0.202507011659//db//plugins/boardmanager/
2025-08-16 21:54:45,776 [INFO] ApiDb:261 - Set plugin images path to: /home/tuna/st/stm32cubeide_1.18.1/plugins/com.st.stm32cube.common.mx_6.15.0.202507011659//db//plugins/mcufinder/images/
2025-08-16 21:54:45,776 [WARN] DbFile:41 - Overriding database path with different value: /home/tuna/.stmcufinder/plugins/mcufinder/ => /home/tuna/.stmcufinder/plugins/mcufinder
2025-08-16 21:54:45,776 [INFO] ApiDb:250 - Set database path to: /home/tuna/.stmcufinder/plugins/mcufinder//mcu/
2025-08-16 21:54:45,776 [WARN] DbFile:41 - Overriding database path with different value: /home/tuna/.stmcufinder/plugins/mcufinder/ => /home/tuna/.stmcufinder/plugins/mcufinder
2025-08-16 21:54:45,776 [INFO] DbMcusAds:125 - Set database path to: /home/tuna/.stmcufinder/plugins/mcufinder//mcu/
2025-08-16 21:54:45,776 [WARN] DbFile:41 - Overriding database path with different value: /home/tuna/.stmcufinder/plugins/mcufinder/ => /home/tuna/.stmcufinder/plugins/mcufinder
2025-08-16 21:54:45,776 [WARN] DbFile:41 - Overriding database path with different value: /home/tuna/.stmcufinder/plugins/mcufinder/ => /home/tuna/.stmcufinder/plugins/mcufinder
2025-08-16 21:54:46,778 [INFO] CrossReferenceDbSqlite:203 - Set database path to: /home/tuna/.stmcufinder/plugins/mcufinder//mcu/cs/
2025-08-16 21:54:46,840 [INFO] MainPanel:274 - HeapMemory: 268435456
2025-08-16 21:54:47,008 [INFO] DbMcusXml:78 - Set database path to: /home/tuna/st/stm32cubeide_1.18.1/plugins/com.st.stm32cube.common.mx_6.15.0.202507011659//db//mcu/
2025-08-16 21:54:47,008 [INFO] ApiDb:274 - Set plugin database path to: /home/tuna/st/stm32cubeide_1.18.1/plugins/com.st.stm32cube.common.mx_6.15.0.202507011659//db//plugins/boardmanager/
2025-08-16 21:54:47,008 [INFO] ApiDb:261 - Set plugin images path to: /home/tuna/st/stm32cubeide_1.18.1/plugins/com.st.stm32cube.common.mx_6.15.0.202507011659//db//plugins/mcufinder/images/
2025-08-16 21:54:47,009 [WARN] DbFile:41 - Overriding database path with different value: /home/tuna/.stmcufinder/plugins/mcufinder/ => /home/tuna/.stmcufinder/plugins/mcufinder
2025-08-16 21:54:47,009 [INFO] ApiDb:250 - Set database path to: /home/tuna/.stmcufinder/plugins/mcufinder//mcu/
2025-08-16 21:54:47,009 [WARN] DbFile:41 - Overriding database path with different value: /home/tuna/.stmcufinder/plugins/mcufinder/ => /home/tuna/.stmcufinder/plugins/mcufinder
2025-08-16 21:54:47,009 [INFO] DbMcusAds:125 - Set database path to: /home/tuna/.stmcufinder/plugins/mcufinder//mcu/
2025-08-16 21:54:47,009 [WARN] DbFile:41 - Overriding database path with different value: /home/tuna/.stmcufinder/plugins/mcufinder/ => /home/tuna/.stmcufinder/plugins/mcufinder
2025-08-16 21:54:47,009 [WARN] DbFile:41 - Overriding database path with different value: /home/tuna/.stmcufinder/plugins/mcufinder/ => /home/tuna/.stmcufinder/plugins/mcufinder
2025-08-16 21:54:48,011 [INFO] CrossReferenceDbSqlite:203 - Set database path to: /home/tuna/.stmcufinder/plugins/mcufinder//mcu/cs/
2025-08-16 21:54:48,030 [INFO] ApplicationProperties:184 - Using Application install path: /home/tuna/st/stm32cubeide_1.18.1/plugins/com.st.stm32cube.common.mx_6.15.0.202507011659
2025-08-16 21:54:48,031 [INFO] PluginManage:196 - Search for loadable plugins [exclusion list=, ]
2025-08-16 21:54:48,032 [INFO] PluginManage:310 - Check plugin analytics
2025-08-16 21:54:49,142 [INFO] AnalyticsPlugin:253 - Accepted Software Licenses: STM32CubeMX.6.15.0
2025-08-16 21:54:49,142 [INFO] AnalyticsPlugin:255 - Accepted CMSIS Pack Licenses: 
2025-08-16 21:54:49,143 [INFO] AnalyticsPlugin:257 - Accepted Firmware Licenses: FW.G4.1.6.0,FW.F4.1.28.0
2025-08-16 21:54:49,144 [INFO] PluginManage:359 - Loaded plugin analytics (category:tool,tabindex:-1)
2025-08-16 21:54:49,144 [INFO] PluginManage:310 - Check plugin cadmodel
2025-08-16 21:54:49,150 [INFO] CADModel:105 - Init CAD model plugin
2025-08-16 21:54:49,150 [INFO] PluginManage:359 - Loaded plugin cadmodel (category:power,tabindex:5)
2025-08-16 21:54:49,150 [INFO] PluginManage:310 - Check plugin clock
2025-08-16 21:54:49,159 [INFO] PluginManage:359 - Loaded plugin clock (category:base,tabindex:2)
2025-08-16 21:54:49,159 [INFO] PluginManage:310 - Check plugin ddr
2025-08-16 21:54:49,161 [INFO] PluginManage:359 - Loaded plugin ddr (category:tool,tabindex:6)
2025-08-16 21:54:49,161 [INFO] PluginManage:310 - Check plugin filemanager
2025-08-16 21:54:49,287 [INFO] PluginManage:359 - Loaded plugin filemanager (category:base,tabindex:10)
2025-08-16 21:54:49,287 [INFO] PluginManage:310 - Check plugin ipmanager
2025-08-16 21:54:49,291 [INFO] PluginManage:359 - Loaded plugin ipmanager (category:base,tabindex:5)
2025-08-16 21:54:49,291 [INFO] PluginManage:310 - Check plugin lpbam
2025-08-16 21:54:49,300 [INFO] PluginManage:359 - Loaded plugin lpbam (category:base,tabindex:0)
2025-08-16 21:54:49,300 [INFO] PluginManage:310 - Check plugin memorymap
2025-08-16 21:54:49,312 [INFO] PluginManage:359 - Loaded plugin memorymap (category:base,tabindex:4)
2025-08-16 21:54:49,312 [INFO] PluginManage:310 - Check plugin pinoutandconfiguration
2025-08-16 21:54:49,321 [INFO] PluginManage:359 - Loaded plugin pinoutandconfiguration (category:base,tabindex:1)
2025-08-16 21:54:49,321 [INFO] PluginManage:310 - Check plugin pinoutconfig
2025-08-16 21:54:49,392 [WARN] SupportedApi:132 - Cannot load RTOS API schema: s4s-elt-must-match.1: The content of 'definitions' must match (annotation?, (simpleType | complexType)?, (unique | key | keyref)*)). A problem was found starting at: attribute.
2025-08-16 21:54:49,488 [INFO] PluginManage:359 - Loaded plugin pinoutconfig (category:base,tabindex:0)
2025-08-16 21:54:49,488 [INFO] PluginManage:310 - Check plugin power
2025-08-16 21:54:49,497 [INFO] PluginManage:359 - Loaded plugin power (category:power,tabindex:4)
2025-08-16 21:54:49,497 [INFO] PluginManage:310 - Check plugin projectmanager
2025-08-16 21:54:49,507 [INFO] PluginManage:359 - Loaded plugin projectmanager (category:projectmanager,tabindex:4)
2025-08-16 21:54:49,507 [INFO] PluginManage:310 - Check plugin rif
2025-08-16 21:54:49,517 [INFO] PluginManage:359 - Loaded plugin rif (category:base,tabindex:3)
2025-08-16 21:54:49,517 [INFO] PluginManage:310 - Check plugin thirdparty
2025-08-16 21:54:49,619 [INFO] PluginManage:359 - Loaded plugin thirdparty (category:base,tabindex:-1)
2025-08-16 21:54:49,619 [WARN] IntegrityCheckThread:84 - waiting for thirdparty lock release [integrity check]
2025-08-16 21:54:49,619 [INFO] PluginManage:310 - Check plugin tools
2025-08-16 21:54:49,619 [INFO] IntegrityCheckThread:86 - entering critical section [integrity check]
2025-08-16 21:54:49,620 [INFO] ThirdPartyUpdaterWithRetryManager:70 - Updater plugin not ready yet. [1/15]
2025-08-16 21:54:49,622 [INFO] PluginManage:359 - Loaded plugin tools (category:base,tabindex:7)
2025-08-16 21:54:49,622 [INFO] PluginManage:310 - Check plugin tutovideos
2025-08-16 21:54:49,777 [INFO] PluginManage:359 - Loaded plugin tutovideos (category:base,tabindex:-1)
2025-08-16 21:54:49,778 [INFO] PluginManage:310 - Check plugin updater
2025-08-16 21:54:49,797 [INFO] PluginManage:359 - Loaded plugin updater (category:base,tabindex:12)
2025-08-16 21:54:49,797 [INFO] PluginManage:310 - Check plugin userauth
2025-08-16 21:54:49,801 [INFO] UserAuth:118 - Init User Auth plugin
2025-08-16 21:54:49,802 [INFO] PluginManage:359 - Loaded plugin userauth (category:base,tabindex:14)
2025-08-16 21:54:49,802 [INFO] PluginManage:283 - PluginManage : Loaded plugins [18]
2025-08-16 21:54:49,940 [INFO] PinOutPanel:1589 - setPackage(No Configuration,No Configuration)
2025-08-16 21:54:49,991 [INFO] CADModel:165 - CPN selected for project level
2025-08-16 21:54:49,992 [INFO] CADModel:114 - Register for checkConnection events
2025-08-16 21:54:50,004 [INFO] IPUIPlugin:80 - create IPUIPlugin
2025-08-16 21:54:50,004 [INFO] PluginManager:220 - loadIPPluginJar : add ddr_ctrl_phy
2025-08-16 21:54:50,006 [INFO] IPUIPlugin:80 - create IPUIPlugin
2025-08-16 21:54:50,006 [INFO] PluginManager:220 - loadIPPluginJar : add aes
2025-08-16 21:54:50,011 [INFO] IPUIPlugin:80 - create IPUIPlugin
2025-08-16 21:54:50,011 [INFO] PluginManager:220 - loadIPPluginJar : add gic
2025-08-16 21:54:50,015 [INFO] IPUIPlugin:80 - create IPUIPlugin
2025-08-16 21:54:50,015 [INFO] PluginManager:220 - loadIPPluginJar : add resmgrutility
2025-08-16 21:54:50,017 [INFO] IPUIPlugin:80 - create IPUIPlugin
2025-08-16 21:54:50,017 [INFO] PluginManager:220 - loadIPPluginJar : add dma3
2025-08-16 21:54:50,019 [INFO] IPUIPlugin:80 - create IPUIPlugin
2025-08-16 21:54:50,019 [INFO] PluginManager:220 - loadIPPluginJar : add spi
2025-08-16 21:54:50,025 [INFO] IPUIPlugin:80 - create IPUIPlugin
2025-08-16 21:54:50,027 [INFO] PluginManager:220 - loadIPPluginJar : add plateformsettings
2025-08-16 21:54:50,029 [INFO] IPUIPlugin:80 - create IPUIPlugin
2025-08-16 21:54:50,029 [INFO] PluginManager:220 - loadIPPluginJar : add gtzc
2025-08-16 21:54:50,034 [INFO] IPUIPlugin:80 - create IPUIPlugin
2025-08-16 21:54:50,034 [INFO] PluginManager:220 - loadIPPluginJar : add freertos
2025-08-16 21:54:50,037 [INFO] IPUIPlugin:80 - create IPUIPlugin
2025-08-16 21:54:50,037 [INFO] PluginManager:220 - loadIPPluginJar : add fmc
2025-08-16 21:54:50,038 [INFO] IPUIPlugin:80 - create IPUIPlugin
2025-08-16 21:54:50,038 [INFO] PluginManager:220 - loadIPPluginJar : add quadspi
2025-08-16 21:54:50,039 [INFO] IPUIPlugin:80 - create IPUIPlugin
2025-08-16 21:54:50,040 [INFO] PluginManager:220 - loadIPPluginJar : add radio
2025-08-16 21:54:50,041 [INFO] IPUIPlugin:80 - create IPUIPlugin
2025-08-16 21:54:50,041 [INFO] PluginManager:220 - loadIPPluginJar : add fatfs
2025-08-16 21:54:50,046 [INFO] IPUIPlugin:80 - create IPUIPlugin
2025-08-16 21:54:50,046 [INFO] PluginManager:220 - loadIPPluginJar : add mdma
2025-08-16 21:54:50,047 [INFO] IPUIPlugin:80 - create IPUIPlugin
2025-08-16 21:54:50,047 [INFO] PluginManager:220 - loadIPPluginJar : add ltdc
2025-08-16 21:54:50,051 [INFO] IPUIPlugin:80 - create IPUIPlugin
2025-08-16 21:54:50,051 [INFO] PluginManager:220 - loadIPPluginJar : add gpio
2025-08-16 21:54:50,052 [INFO] IPUIPlugin:80 - create IPUIPlugin
2025-08-16 21:54:50,053 [INFO] PluginManager:220 - loadIPPluginJar : add opamp
2025-08-16 21:54:50,054 [INFO] IPUIPlugin:80 - create IPUIPlugin
2025-08-16 21:54:50,054 [INFO] PluginManager:220 - loadIPPluginJar : add usart
2025-08-16 21:54:50,056 [INFO] IPUIPlugin:80 - create IPUIPlugin
2025-08-16 21:54:50,056 [INFO] PluginManager:220 - loadIPPluginJar : add usbx
2025-08-16 21:54:50,058 [INFO] IPUIPlugin:80 - create IPUIPlugin
2025-08-16 21:54:50,058 [INFO] PluginManager:220 - loadIPPluginJar : add tim
2025-08-16 21:54:50,059 [INFO] IPUIPlugin:80 - create IPUIPlugin
2025-08-16 21:54:50,059 [INFO] PluginManager:220 - loadIPPluginJar : add lorawan
2025-08-16 21:54:50,061 [INFO] IPUIPlugin:80 - create IPUIPlugin
2025-08-16 21:54:50,061 [INFO] PluginManager:220 - loadIPPluginJar : add i2s
2025-08-16 21:54:50,065 [INFO] IPUIPlugin:80 - create IPUIPlugin
2025-08-16 21:54:50,066 [INFO] PluginManager:220 - loadIPPluginJar : add adc
2025-08-16 21:54:50,067 [INFO] IPUIPlugin:80 - create IPUIPlugin
2025-08-16 21:54:50,068 [INFO] PluginManager:220 - loadIPPluginJar : add extmemmanager
2025-08-16 21:54:50,069 [INFO] IPUIPlugin:80 - create IPUIPlugin
2025-08-16 21:54:50,069 [INFO] PluginManager:220 - loadIPPluginJar : add comp
2025-08-16 21:54:50,070 [INFO] IPUIPlugin:80 - create IPUIPlugin
2025-08-16 21:54:50,070 [INFO] PluginManager:220 - loadIPPluginJar : add genericplugin
2025-08-16 21:54:50,071 [INFO] IPUIPlugin:80 - create IPUIPlugin
2025-08-16 21:54:50,071 [INFO] PluginManager:220 - loadIPPluginJar : add ts
2025-08-16 21:54:50,072 [INFO] IPUIPlugin:80 - create IPUIPlugin
2025-08-16 21:54:50,072 [INFO] PluginManager:220 - loadIPPluginJar : add ucpd
2025-08-16 21:54:50,074 [INFO] IPUIPlugin:80 - create IPUIPlugin
2025-08-16 21:54:50,074 [INFO] PluginManager:220 - loadIPPluginJar : add can
2025-08-16 21:54:50,077 [INFO] IPUIPlugin:80 - create IPUIPlugin
2025-08-16 21:54:50,077 [INFO] PluginManager:220 - loadIPPluginJar : add touchsensing
2025-08-16 21:54:50,078 [INFO] IPUIPlugin:80 - create IPUIPlugin
2025-08-16 21:54:50,078 [INFO] PluginManager:220 - loadIPPluginJar : add tracer_emb
2025-08-16 21:54:50,083 [INFO] IPUIPlugin:80 - create IPUIPlugin
2025-08-16 21:54:50,084 [INFO] PluginManager:220 - loadIPPluginJar : add stm32_wpan
2025-08-16 21:54:50,085 [INFO] IPUIPlugin:80 - create IPUIPlugin
2025-08-16 21:54:50,085 [INFO] PluginManager:220 - loadIPPluginJar : add tsc
2025-08-16 21:54:50,087 [INFO] IPUIPlugin:80 - create IPUIPlugin
2025-08-16 21:54:50,087 [INFO] PluginManager:220 - loadIPPluginJar : add gfxmmu
2025-08-16 21:54:50,090 [INFO] IPUIPlugin:80 - create IPUIPlugin
2025-08-16 21:54:50,090 [INFO] PluginManager:220 - loadIPPluginJar : add ipddr
2025-08-16 21:54:50,091 [INFO] IPUIPlugin:80 - create IPUIPlugin
2025-08-16 21:54:50,091 [INFO] PluginManager:220 - loadIPPluginJar : add i2c
2025-08-16 21:54:50,095 [INFO] IPUIPlugin:80 - create IPUIPlugin
2025-08-16 21:54:50,095 [INFO] PluginManager:220 - loadIPPluginJar : add nvic
2025-08-16 21:54:50,097 [INFO] IPUIPlugin:80 - create IPUIPlugin
2025-08-16 21:54:50,097 [INFO] PluginManager:220 - loadIPPluginJar : add i3c
2025-08-16 21:54:50,099 [INFO] IPUIPlugin:80 - create IPUIPlugin
2025-08-16 21:54:50,099 [INFO] PluginManager:220 - loadIPPluginJar : add dfsdm
2025-08-16 21:54:50,101 [INFO] IPUIPlugin:80 - create IPUIPlugin
2025-08-16 21:54:50,101 [INFO] PluginManager:220 - loadIPPluginJar : add pdm2pcm
2025-08-16 21:54:50,103 [INFO] IPUIPlugin:80 - create IPUIPlugin
2025-08-16 21:54:50,103 [INFO] PluginManager:220 - loadIPPluginJar : add openamp
2025-08-16 21:54:50,107 [INFO] IPUIPlugin:80 - create IPUIPlugin
2025-08-16 21:54:50,107 [INFO] PluginManager:220 - loadIPPluginJar : add dma
2025-08-16 21:54:50,110 [INFO] IPUIPlugin:80 - create IPUIPlugin
2025-08-16 21:54:50,110 [INFO] PluginManager:220 - loadIPPluginJar : add sai
2025-08-16 21:54:50,112 [INFO] IPUIPlugin:80 - create IPUIPlugin
2025-08-16 21:54:50,112 [INFO] PluginManager:220 - loadIPPluginJar : add hash
2025-08-16 21:54:50,117 [INFO] IPUIPlugin:80 - create IPUIPlugin
2025-08-16 21:54:50,117 [INFO] PluginManager:220 - loadIPPluginJar : add linkedlist
2025-08-16 21:54:50,119 [INFO] IPUIPlugin:80 - create IPUIPlugin
2025-08-16 21:54:50,119 [INFO] PluginManager:220 - loadIPPluginJar : add cryp
2025-08-16 21:54:50,212 [FATAL] Updater:351 - Updater called before beeing initialized
2025-08-16 21:54:50,236 [INFO] RulesReader:64 - Compatibility file has been processed (317 Rules)
2025-08-16 21:54:50,244 [INFO] RulesReader:64 - Compatibility file has been processed (317 Rules)
2025-08-16 21:54:50,250 [INFO] CADModel:165 - CPN selected for project level
2025-08-16 21:54:50,250 [INFO] CADModel:114 - Register for checkConnection events
2025-08-16 21:54:50,250 [FATAL] Updater:351 - Updater called before beeing initialized
2025-08-16 21:54:50,250 [ERROR] CADModel:125 - Updater not yet initialized, retry later 
2025-08-16 21:54:50,340 [FATAL] Updater:351 - Updater called before beeing initialized
2025-08-16 21:54:50,342 [INFO] CADModel:165 - CPN selected for project level
2025-08-16 21:54:50,342 [INFO] CADModel:114 - Register for checkConnection events
2025-08-16 21:54:50,342 [FATAL] Updater:351 - Updater called before beeing initialized
2025-08-16 21:54:50,342 [ERROR] CADModel:125 - Updater not yet initialized, retry later 
2025-08-16 21:54:50,344 [FATAL] Updater:351 - Updater called before beeing initialized
2025-08-16 21:54:50,413 [FATAL] Updater:351 - Updater called before beeing initialized
2025-08-16 21:54:50,416 [INFO] DbMcusAds:53 - JSON generation date=Tue Jul 08 15:14:23 ICT 2025 (1751962463582)
2025-08-16 21:54:50,416 [FATAL] Updater:351 - Updater called before beeing initialized
2025-08-16 21:54:50,441 [WARN] DetailPanel:346 - Failed to get advertising image, set to default
2025-08-16 21:54:50,497 [FATAL] Updater:351 - Updater called before beeing initialized
2025-08-16 21:54:50,499 [FATAL] Updater:351 - Updater called before beeing initialized
2025-08-16 21:54:50,499 [FATAL] Updater:351 - Updater called before beeing initialized
2025-08-16 21:54:50,499 [WARN] DetailPanel:346 - Failed to get advertising image, set to default
2025-08-16 21:54:50,500 [FATAL] Updater:351 - Updater called before beeing initialized
2025-08-16 21:54:50,521 [ERROR] Updater:1198 - MainUpdater not yet initialized. External WinMGr cannot be set.
2025-08-16 21:54:50,522 [INFO] Updater:1134 - Updater Version found : 6.15.0
2025-08-16 21:54:50,535 [INFO] ApplicationProperties:184 - Using Application install path: /home/tuna/st/stm32cubeide_1.18.1/plugins/com.st.stm32cube.common.mx_6.15.0.202507011659
2025-08-16 21:54:50,957 [INFO] MainUpdater:2872 - connection check result : 10
2025-08-16 21:54:50,957 [INFO] MainUpdater:3604 - Updater definition file requires update
2025-08-16 21:54:50,958 [INFO] MainUpdater:289 - Updater Check For Update Now.
2025-08-16 21:54:50,958 [INFO] MicroXplorer:498 - Change Database Version : DB.6.0.150
2025-08-16 21:54:50,962 [INFO] McuFinderGlobals:63 - Set McuFinder mode to 2 (CubeIDE integrated)
2025-08-16 21:54:50,963 [INFO] UserAuth:487 - Internet connection configuration mode: 1
2025-08-16 21:54:50,979 [INFO] JxBrowserEngine:152 - Initiate JxBrowser Engine with user profile folder
2025-08-16 21:54:51,250 [INFO] ServerAccessManage:452 - Complete download http(s) 200
2025-08-16 21:54:51,250 [INFO] ServerAccessManage:509 - Download File updaters.zip
2025-08-16 21:54:51,478 [INFO] FileExtend:248 - Unzip File : updaters.zip
2025-08-16 21:54:51,478 [INFO] FileExtend:263 - Standard Zip Deflate
2025-08-16 21:54:51,701 [INFO] ServerAccessManage:452 - Complete download http(s) 200
2025-08-16 21:54:51,702 [INFO] ServerAccessManage:509 - Download File PacksControlFlags.xml
2025-08-16 21:54:51,845 [INFO] ServerAccessManage:452 - Complete download http(s) 200
2025-08-16 21:54:51,845 [INFO] ServerAccessManage:509 - Download File cubemx.pidx
2025-08-16 21:54:51,940 [INFO] LoadServerUpdatesThread:375 - End of LoadServerUpdate Thread
2025-08-16 21:54:51,942 [INFO] WebApp:169 - Instantiating new browser for Auth
2025-08-16 21:54:52,081 [INFO] CheckServerUpdateThread:120 - End of CheckServer Thread
2025-08-16 21:54:52,533 [INFO] WebApp:463 - Apply proxy settings
2025-08-16 21:54:52,533 [INFO] WebApp:548 - Chromium requires no authentication
2025-08-16 21:54:52,540 [INFO] WebApp:491 - Direct internet connection detected
2025-08-16 21:54:52,553 [INFO] WebApp:900 - Register for checkConnection events
2025-08-16 21:54:52,554 [INFO] WebApp:463 - Apply proxy settings
2025-08-16 21:54:52,554 [INFO] WebApp:548 - Chromium requires no authentication
2025-08-16 21:54:52,554 [INFO] WebApp:491 - Direct internet connection detected
2025-08-16 21:54:52,655 [INFO] WebApp:225 - Starting web application
2025-08-16 21:54:52,655 [INFO] WebApp:593 - Web application path used /home/tuna/st/stm32cubeide_1.18.1/plugins/com.st.stm32cube.common.mx_6.15.0.202507011659/db/plugins/mcufinder/reactClient1/index.html
2025-08-16 21:54:52,755 [WARN] PackLoader:240 - Cannot read IP mode file for STMicroelectronics.FP-SNS-MOTENVWB1.1.4.0
2025-08-16 21:54:52,759 [WARN] PackLoader:240 - Cannot read IP mode file for STMicroelectronics.FP-ATR-ASTRA1.2.0.2
2025-08-16 21:54:52,763 [WARN] PackLoader:240 - Cannot read IP mode file for STMicroelectronics.X-CUBE-SMBUS.2.1.0
2025-08-16 21:54:52,767 [WARN] PackLoader:240 - Cannot read IP mode file for STMicroelectronics.X-CUBE-ST60.1.0.0
2025-08-16 21:54:52,785 [WARN] PackLoader:240 - Cannot read IP mode file for STMicroelectronics.X-CUBE-AZRTOS-F7.1.1.0
2025-08-16 21:54:52,805 [WARN] PackLoader:240 - Cannot read IP mode file for Infineon.AIROC-Wi-Fi-Bluetooth-STM32.1.7.1
2025-08-16 21:54:52,825 [WARN] PackLoader:240 - Cannot read IP mode file for STMicroelectronics.X-CUBE-AZRTOS-H7.3.4.0
2025-08-16 21:54:52,834 [WARN] PackLoader:240 - Cannot read IP mode file for STMicroelectronics.X-CUBE-DISPLAY.3.0.0
2025-08-16 21:54:52,843 [WARN] PackLoader:240 - Cannot read IP mode file for STMicroelectronics.X-CUBE-NFC10.1.0.0
2025-08-16 21:54:52,848 [WARN] PackLoader:240 - Cannot read IP mode file for emotas.I-CUBE-CANOPEN.1.3.0
2025-08-16 21:54:52,853 [WARN] PackLoader:240 - Cannot read IP mode file for STMicroelectronics.FP-SNS-STBOX1.2.1.0
2025-08-16 21:54:52,857 [WARN] PackLoader:240 - Cannot read IP mode file for STMicroelectronics.FP-SNS-SMARTAG2.1.2.0
2025-08-16 21:54:52,860 [WARN] PackLoader:240 - Cannot read IP mode file for STMicroelectronics.FP-SNS-FLIGHT1.5.1.0
2025-08-16 21:54:52,867 [INFO] LogOutputStream:77 - [STDOUT_REDIRECT] 1 : Invalid condition id : UX_CORESTACK_Condition cause : null
2025-08-16 21:54:52,867 [INFO] LogOutputStream:77 - [STDOUT_REDIRECT] 1 : Invalid condition id : UX_CORESTACK_Condition cause : null
2025-08-16 21:54:52,868 [INFO] LogOutputStream:77 - [STDOUT_REDIRECT] 1 : Invalid condition id : UX_CORESTACK_Condition cause : null
2025-08-16 21:54:52,868 [INFO] LogOutputStream:77 - [STDOUT_REDIRECT] 1 : Invalid condition id : UX_CORESTACK_Condition cause : null
2025-08-16 21:54:52,868 [INFO] LogOutputStream:77 - [STDOUT_REDIRECT] 1 : Invalid condition id : UX_CORESTACK_Condition cause : null
2025-08-16 21:54:52,871 [WARN] PackLoader:240 - Cannot read IP mode file for STMicroelectronics.X-CUBE-AZRTOS-WL.2.0.0
2025-08-16 21:54:52,875 [WARN] PackLoader:240 - Cannot read IP mode file for STMicroelectronics.FP-SNS-MOTENV1.5.0.0
2025-08-16 21:54:52,881 [WARN] PackLoader:240 - Cannot read IP mode file for WES.I-CUBE-Cesium.1.3.0
2025-08-16 21:54:52,885 [WARN] PackLoader:240 - Cannot read IP mode file for STMicroelectronics.X-CUBE-BLE2.3.3.0
2025-08-16 21:54:52,890 [WARN] PackLoader:240 - Cannot read IP mode file for STMicroelectronics.X-CUBE-NFC9.1.0.0
2025-08-16 21:54:52,895 [WARN] PackLoader:240 - Cannot read IP mode file for wolfSSL.I-CUBE-wolfSSL.5.8.2
2025-08-16 21:54:52,899 [WARN] PackLoader:240 - Cannot read IP mode file for STMicroelectronics.X-CUBE-BLE1.7.1.0
2025-08-16 21:54:52,902 [WARN] PackLoader:240 - Cannot read IP mode file for wolfSSL.I-CUBE-wolfMQTT.1.19.2
2025-08-16 21:54:52,906 [WARN] PackLoader:240 - Cannot read IP mode file for STMicroelectronics.X-CUBE-EEPRMA1.5.2.0
2025-08-16 21:54:52,910 [WARN] PackLoader:240 - Cannot read IP mode file for STMicroelectronics.X-CUBE-AI.10.1.0
2025-08-16 21:54:52,923 [WARN] PackLoader:240 - Cannot read IP mode file for STMicroelectronics.X-CUBE-AZRTOS-G0.1.1.0
2025-08-16 21:54:52,929 [WARN] PackLoader:240 - Cannot read IP mode file for STMicroelectronics.X-CUBE-SAFEA1.1.2.2
2025-08-16 21:54:52,934 [WARN] PackLoader:240 - Cannot read IP mode file for STMicroelectronics.X-CUBE-NFC4.3.0.0
2025-08-16 21:54:52,942 [WARN] PackLoader:240 - Cannot read IP mode file for EmbeddedOffice.I-CUBE-FS-RTOS.1.0.1
2025-08-16 21:54:52,947 [WARN] PackLoader:240 - Cannot read IP mode file for STMicroelectronics.X-CUBE-WB05N.2.0.0
2025-08-16 21:54:52,952 [WARN] PackLoader:240 - Cannot read IP mode file for wolfSSL.I-CUBE-wolfTPM.3.8.0
2025-08-16 21:54:52,956 [WARN] PackLoader:240 - Cannot read IP mode file for STMicroelectronics.X-CUBE-TCPP.4.2.0
2025-08-16 21:54:52,962 [WARN] PackLoader:240 - Cannot read IP mode file for RealThread.X-CUBE-RT-Thread_Nano.4.1.1
2025-08-16 21:54:52,966 [WARN] PackLoader:240 - Cannot read IP mode file for STMicroelectronics.FP-ATR-SIGFOX1.3.2.0
2025-08-16 21:54:52,971 [WARN] PackLoader:240 - Cannot read IP mode file for ITTIA_DB.I-CUBE-ITTIADB.8.9.0
2025-08-16 21:54:52,975 [WARN] PackLoader:240 - Cannot read IP mode file for STMicroelectronics.X-CUBE-ST67W61.1.0.0
2025-08-16 21:54:52,978 [WARN] PackLoader:240 - Cannot read IP mode file for STMicroelectronics.X-CUBE-AI.10.2.0
2025-08-16 21:54:52,996 [INFO] WebApp:191 - Connection restablished
2025-08-16 21:54:52,997 [WARN] PackLoader:240 - Cannot read IP mode file for SEGGER.I-CUBE-embOS.1.3.1
2025-08-16 21:54:53,030 [WARN] PackLoader:240 - Cannot read IP mode file for STMicroelectronics.X-CUBE-ALGOBUILD.1.4.0
2025-08-16 21:54:53,059 [WARN] PackLoader:240 - Cannot read IP mode file for STMicroelectronics.X-CUBE-MEMS1.11.3.0
2025-08-16 21:54:53,154 [WARN] PackLoader:240 - Cannot read IP mode file for STMicroelectronics.X-CUBE-PM33A1.1.0.0
2025-08-16 21:54:53,165 [WARN] PackLoader:240 - Cannot read IP mode file for STMicroelectronics.X-CUBE-AZRTOS-F4.1.1.0
2025-08-16 21:54:53,170 [WARN] PackLoader:240 - Cannot read IP mode file for Avnet-IotConnect.X-CUBE-IoTC-DA16k-PMOD.1.0.0
2025-08-16 21:54:53,174 [WARN] PackLoader:240 - Cannot read IP mode file for STMicroelectronics.X-CUBE-ISPU.2.1.0
2025-08-16 21:54:53,180 [WARN] PackLoader:240 - Cannot read IP mode file for STMicroelectronics.X-CUBE-NFC12.1.0.0
2025-08-16 21:54:53,191 [WARN] PackLoader:240 - Cannot read IP mode file for STMicroelectronics.X-CUBE-AZRTOS-L5.2.0.0
2025-08-16 21:54:53,197 [WARN] PackLoader:240 - Cannot read IP mode file for STMicroelectronics.X-CUBE-NFC6.3.1.0
2025-08-16 21:54:53,204 [WARN] PackLoader:240 - Cannot read IP mode file for STMicroelectronics.X-CUBE-FREERTOS.1.3.1
2025-08-16 21:54:53,208 [WARN] PackLoader:240 - Cannot read IP mode file for STMicroelectronics.FP-SNS-STAIOTCFT.1.0.0
2025-08-16 21:54:53,213 [WARN] PackLoader:240 - Cannot read IP mode file for STMicroelectronics.X-CUBE-DPower.1.3.0
2025-08-16 21:54:53,225 [WARN] ConditionMgr:438 - getConditionDescription Invalid condition id : LAN8742 Phy interface Condition cause : null
2025-08-16 21:54:53,225 [WARN] PackLoader:240 - Cannot read IP mode file for STMicroelectronics.X-CUBE-AZRTOS-L4.2.0.0
2025-08-16 21:54:53,226 [WARN] ConditionMgr:1044 - genDependencies : Invalid condition id : LAN8742 Phy interface Condition cause : null
2025-08-16 21:54:53,227 [WARN] ConditionMgr:1044 - genDependencies : Invalid condition id : LAN8742 Phy interface Condition cause : null
2025-08-16 21:54:53,227 [WARN] ConditionMgr:1044 - genDependencies : Invalid condition id : LAN8742 Phy interface Condition cause : null
2025-08-16 21:54:53,233 [WARN] PackLoader:240 - Cannot read IP mode file for STMicroelectronics.X-CUBE-SFXS2LP1.4.0.0
2025-08-16 21:54:53,240 [WARN] PackLoader:240 - Cannot read IP mode file for STMicroelectronics.X-CUBE-BLEMGR.4.1.0
2025-08-16 21:54:53,251 [WARN] ConditionMgr:438 - getConditionDescription Invalid condition id : UX DEVICE CLASS RTOS Condition cause : null
2025-08-16 21:54:53,251 [WARN] ConditionMgr:438 - getConditionDescription Invalid condition id : UX DEVICE CLASS RTOS Condition cause : null
2025-08-16 21:54:53,253 [WARN] PackLoader:240 - Cannot read IP mode file for STMicroelectronics.X-CUBE-AZRTOS-WB.2.0.0
2025-08-16 21:54:53,254 [WARN] ConditionMgr:1044 - genDependencies : Invalid condition id : UX DEVICE CLASS RTOS Condition cause : null
2025-08-16 21:54:53,254 [WARN] ConditionMgr:1044 - genDependencies : Invalid condition id : UX DEVICE CLASS RTOS Condition cause : null
2025-08-16 21:54:53,255 [WARN] ConditionMgr:1044 - genDependencies : Invalid condition id : UX DEVICE CLASS RTOS Condition cause : null
2025-08-16 21:54:53,255 [WARN] ConditionMgr:1044 - genDependencies : Invalid condition id : UX DEVICE CLASS RTOS Condition cause : null
2025-08-16 21:54:53,255 [WARN] ConditionMgr:1044 - genDependencies : Invalid condition id : UX DEVICE CLASS RTOS Condition cause : null
2025-08-16 21:54:53,260 [WARN] PackLoader:240 - Cannot read IP mode file for STMicroelectronics.X-CUBE-GNSS1.7.0.1
2025-08-16 21:54:53,263 [WARN] PackLoader:240 - Cannot read IP mode file for STMicroelectronics.X-CUBE-TOUCHGFX.4.25.0
2025-08-16 21:54:53,268 [WARN] PackLoader:240 - Cannot read IP mode file for STMicroelectronics.FP-SNS-STBOX1.2.0.0
2025-08-16 21:54:53,273 [WARN] ConditionMgr:438 - getConditionDescription Invalid condition id : Cortex-A Device cause : null
2025-08-16 21:54:53,283 [WARN] ConditionMgr:1044 - genDependencies : Invalid condition id : Cortex-A Device cause : null
2025-08-16 21:54:53,283 [WARN] ConditionMgr:1044 - genDependencies : Invalid condition id : Cortex-A Device cause : null
2025-08-16 21:54:53,283 [WARN] ConditionMgr:1044 - genDependencies : Invalid condition id : Cortex-A Device cause : null
2025-08-16 21:54:53,307 [WARN] PackLoader:240 - Cannot read IP mode file for STMicroelectronics.X-CUBE-SUBG2.5.0.0
2025-08-16 21:54:53,329 [WARN] PackLoader:240 - Cannot read IP mode file for STMicroelectronics.X-CUBE-AZRTOS-H7RS.1.1.0
2025-08-16 21:54:53,335 [WARN] PackLoader:240 - Cannot read IP mode file for Cesanta.I-CUBE-Mongoose.7.13.0
2025-08-16 21:54:53,347 [WARN] PackLoader:240 - Cannot read IP mode file for STMicroelectronics.X-CUBE-AZRTOS-G4.2.0.0
2025-08-16 21:54:53,370 [WARN] PackLoader:240 - Cannot read IP mode file for wolfSSL.I-CUBE-wolfSSH.1.4.20
2025-08-16 21:54:53,374 [WARN] PackLoader:240 - Cannot read IP mode file for STMicroelectronics.X-CUBE-NFC7.2.0.0
2025-08-16 21:54:53,386 [WARN] PackLoader:240 - Cannot read IP mode file for STMicroelectronics.X-CUBE-IPS.3.1.0
2025-08-16 21:54:53,395 [WARN] PackLoader:240 - Cannot read IP mode file for STMicroelectronics.X-CUBE-ALS.1.0.2
2025-08-16 21:54:53,399 [WARN] PackLoader:240 - Cannot read IP mode file for portGmbH.I-Cube-SoM-uGOAL.1.1.0
2025-08-16 21:54:53,408 [WARN] PackLoader:240 - Cannot read IP mode file for STMicroelectronics.X-CUBE-TOF1.3.4.3
2025-08-16 21:54:53,418 [INFO] ThirdParty:978 - Integrity check success = true
2025-08-16 21:54:53,418 [INFO] IntegrityCheckThread:100 - exiting critical section [integrity check]
2025-08-16 21:54:53,418 [INFO] IntegrityCheckThread:103 - End integrity checks thread
2025-08-16 21:54:53,715 [INFO] UserAuth:487 - Internet connection configuration mode: 1
2025-08-16 21:55:17,013 [INFO] WebApp:194 - Connection lost
2025-08-16 21:55:17,160 [INFO] WebApp:191 - Connection restablished
2025-08-16 21:55:21,176 [INFO] WebApp:194 - Connection lost
2025-08-16 21:55:21,339 [INFO] WebApp:191 - Connection restablished
2025-08-16 21:55:22,640 [INFO] WebApp:194 - Connection lost
2025-08-16 21:55:22,886 [INFO] WebApp:191 - Connection restablished
2025-08-16 21:55:25,393 [INFO] WebApp:194 - Connection lost
2025-08-16 21:55:25,520 [INFO] WebApp:191 - Connection restablished
2025-08-16 21:55:30,969 [INFO] WebApp:194 - Connection lost
2025-08-16 21:55:31,192 [INFO] WebApp:191 - Connection restablished
2025-08-16 21:55:45,461 [INFO] WebApp:194 - Connection lost
2025-08-16 21:55:45,683 [INFO] WebApp:191 - Connection restablished
2025-08-16 21:55:48,945 [INFO] WebApp:194 - Connection lost
2025-08-16 21:55:49,163 [INFO] WebApp:191 - Connection restablished
2025-08-16 21:55:52,827 [INFO] WebApp:194 - Connection lost
2025-08-16 21:55:53,042 [INFO] WebApp:191 - Connection restablished
2025-08-16 22:13:54,163 [INFO] WebApp:194 - Connection lost
2025-08-16 22:13:54,296 [INFO] WebApp:191 - Connection restablished
2025-08-16 22:13:57,075 [INFO] WebApp:194 - Connection lost
2025-08-16 22:13:57,265 [INFO] WebApp:191 - Connection restablished
2025-08-16 22:13:59,712 [INFO] WebApp:194 - Connection lost
2025-08-16 22:13:59,915 [INFO] WebApp:191 - Connection restablished
2025-08-16 23:21:46,692 [INFO] WebApp:194 - Connection lost
2025-08-16 23:21:46,890 [INFO] WebApp:191 - Connection restablished
2025-08-16 23:21:51,469 [INFO] WebApp:194 - Connection lost
2025-08-16 23:21:51,631 [INFO] WebApp:191 - Connection restablished
2025-08-16 23:45:19,014 [ERROR] LogOutputStream:75 - [STDERR_REDIRECT] 
