2025-08-13 09:01:58,028 [INFO] Activator:176 - 


2025-08-13 09:01:58,031 [INFO] Activator:177 - !SESSION log4j initialized
2025-08-13 09:02:01,624 [INFO] LogOutputStream:77 - [STDOUT_REDIRECT] 
2025-08-13 09:02:02,255 [INFO] ApplicationProperties:184 - Using Application install path: /home/tuna/st/stm32cubeide_1.18.1/plugins/com.st.stm32cube.common.mx_6.15.0.202507011659
2025-08-13 09:02:02,269 [INFO] DbMcusXml:78 - Set database path to: /home/tuna/st/stm32cubeide_1.18.1/plugins/com.st.stm32cube.common.mx_6.15.0.202507011659//db//mcu/
2025-08-13 09:02:02,269 [INFO] ApiDb:274 - Set plugin database path to: /home/tuna/st/stm32cubeide_1.18.1/plugins/com.st.stm32cube.common.mx_6.15.0.202507011659//db//plugins/boardmanager/
2025-08-13 09:02:02,270 [WARN] ApiDb:259 - Overriding images path with different value:  => /home/tuna/st/stm32cubeide_1.18.1/plugins/com.st.stm32cube.common.mx_6.15.0.202507011659//db//plugins/mcufinder/images/
2025-08-13 09:02:02,277 [INFO] ApiDb:250 - Set database path to: /home/tuna/.stmcufinder/plugins/mcufinder//mcu/
2025-08-13 09:02:02,278 [INFO] DbMcusAds:125 - Set database path to: /home/tuna/.stmcufinder/plugins/mcufinder//mcu/
2025-08-13 09:02:02,280 [INFO] CrossReferenceDbSqlite:203 - Set database path to: /home/tuna/.stmcufinder/plugins/mcufinder//mcu/cs/
2025-08-13 09:02:02,349 [INFO] RulesReader:64 - Compatibility file has been processed (317 Rules)
2025-08-13 09:02:02,401 [INFO] DbMcusXml:78 - Set database path to: /home/tuna/st/stm32cubeide_1.18.1/plugins/com.st.stm32cube.common.mx_6.15.0.202507011659//db//mcu/
2025-08-13 09:02:02,401 [INFO] ApiDb:274 - Set plugin database path to: /home/tuna/st/stm32cubeide_1.18.1/plugins/com.st.stm32cube.common.mx_6.15.0.202507011659//db//plugins/boardmanager/
2025-08-13 09:02:02,401 [INFO] ApiDb:261 - Set plugin images path to: /home/tuna/st/stm32cubeide_1.18.1/plugins/com.st.stm32cube.common.mx_6.15.0.202507011659//db//plugins/mcufinder/images/
2025-08-13 09:02:02,401 [WARN] DbFile:41 - Overriding database path with different value: /home/tuna/.stmcufinder/plugins/mcufinder/ => /home/tuna/.stmcufinder/plugins/mcufinder
2025-08-13 09:02:02,401 [INFO] ApiDb:250 - Set database path to: /home/tuna/.stmcufinder/plugins/mcufinder//mcu/
2025-08-13 09:02:02,401 [WARN] DbFile:41 - Overriding database path with different value: /home/tuna/.stmcufinder/plugins/mcufinder/ => /home/tuna/.stmcufinder/plugins/mcufinder
2025-08-13 09:02:02,401 [INFO] DbMcusAds:125 - Set database path to: /home/tuna/.stmcufinder/plugins/mcufinder//mcu/
2025-08-13 09:02:02,401 [WARN] DbFile:41 - Overriding database path with different value: /home/tuna/.stmcufinder/plugins/mcufinder/ => /home/tuna/.stmcufinder/plugins/mcufinder
2025-08-13 09:02:02,402 [WARN] DbFile:41 - Overriding database path with different value: /home/tuna/.stmcufinder/plugins/mcufinder/ => /home/tuna/.stmcufinder/plugins/mcufinder
2025-08-13 09:02:02,402 [INFO] CrossReferenceDbSqlite:203 - Set database path to: /home/tuna/.stmcufinder/plugins/mcufinder//mcu/cs/
2025-08-13 09:02:02,459 [INFO] MainPanel:274 - HeapMemory: 268435456
2025-08-13 09:02:02,577 [INFO] DbMcusXml:78 - Set database path to: /home/tuna/st/stm32cubeide_1.18.1/plugins/com.st.stm32cube.common.mx_6.15.0.202507011659//db//mcu/
2025-08-13 09:02:02,577 [INFO] ApiDb:274 - Set plugin database path to: /home/tuna/st/stm32cubeide_1.18.1/plugins/com.st.stm32cube.common.mx_6.15.0.202507011659//db//plugins/boardmanager/
2025-08-13 09:02:02,578 [INFO] ApiDb:261 - Set plugin images path to: /home/tuna/st/stm32cubeide_1.18.1/plugins/com.st.stm32cube.common.mx_6.15.0.202507011659//db//plugins/mcufinder/images/
2025-08-13 09:02:02,578 [WARN] DbFile:41 - Overriding database path with different value: /home/tuna/.stmcufinder/plugins/mcufinder/ => /home/tuna/.stmcufinder/plugins/mcufinder
2025-08-13 09:02:02,578 [INFO] ApiDb:250 - Set database path to: /home/tuna/.stmcufinder/plugins/mcufinder//mcu/
2025-08-13 09:02:02,578 [WARN] DbFile:41 - Overriding database path with different value: /home/tuna/.stmcufinder/plugins/mcufinder/ => /home/tuna/.stmcufinder/plugins/mcufinder
2025-08-13 09:02:02,578 [INFO] DbMcusAds:125 - Set database path to: /home/tuna/.stmcufinder/plugins/mcufinder//mcu/
2025-08-13 09:02:02,578 [WARN] DbFile:41 - Overriding database path with different value: /home/tuna/.stmcufinder/plugins/mcufinder/ => /home/tuna/.stmcufinder/plugins/mcufinder
2025-08-13 09:02:02,578 [WARN] DbFile:41 - Overriding database path with different value: /home/tuna/.stmcufinder/plugins/mcufinder/ => /home/tuna/.stmcufinder/plugins/mcufinder
2025-08-13 09:02:02,578 [INFO] CrossReferenceDbSqlite:203 - Set database path to: /home/tuna/.stmcufinder/plugins/mcufinder//mcu/cs/
2025-08-13 09:02:02,590 [INFO] ApplicationProperties:184 - Using Application install path: /home/tuna/st/stm32cubeide_1.18.1/plugins/com.st.stm32cube.common.mx_6.15.0.202507011659
2025-08-13 09:02:02,591 [INFO] PluginManage:196 - Search for loadable plugins [exclusion list=, ]
2025-08-13 09:02:02,592 [INFO] PluginManage:310 - Check plugin analytics
2025-08-13 09:02:02,684 [INFO] AnalyticsPlugin:253 - Accepted Software Licenses: STM32CubeMX.6.15.0
2025-08-13 09:02:02,684 [INFO] AnalyticsPlugin:255 - Accepted CMSIS Pack Licenses: 
2025-08-13 09:02:02,684 [INFO] AnalyticsPlugin:257 - Accepted Firmware Licenses: FW.G4.1.6.0,FW.F4.1.28.0
2025-08-13 09:02:02,686 [INFO] PluginManage:359 - Loaded plugin analytics (category:tool,tabindex:-1)
2025-08-13 09:02:02,686 [INFO] PluginManage:310 - Check plugin cadmodel
2025-08-13 09:02:02,691 [INFO] CADModel:105 - Init CAD model plugin
2025-08-13 09:02:02,691 [INFO] PluginManage:359 - Loaded plugin cadmodel (category:power,tabindex:5)
2025-08-13 09:02:02,691 [INFO] PluginManage:310 - Check plugin clock
2025-08-13 09:02:02,699 [INFO] PluginManage:359 - Loaded plugin clock (category:base,tabindex:2)
2025-08-13 09:02:02,699 [INFO] PluginManage:310 - Check plugin ddr
2025-08-13 09:02:02,701 [INFO] PluginManage:359 - Loaded plugin ddr (category:tool,tabindex:6)
2025-08-13 09:02:02,701 [INFO] PluginManage:310 - Check plugin filemanager
2025-08-13 09:02:02,816 [INFO] PluginManage:359 - Loaded plugin filemanager (category:base,tabindex:10)
2025-08-13 09:02:02,817 [INFO] PluginManage:310 - Check plugin ipmanager
2025-08-13 09:02:02,821 [INFO] PluginManage:359 - Loaded plugin ipmanager (category:base,tabindex:5)
2025-08-13 09:02:02,821 [INFO] PluginManage:310 - Check plugin lpbam
2025-08-13 09:02:02,830 [INFO] PluginManage:359 - Loaded plugin lpbam (category:base,tabindex:0)
2025-08-13 09:02:02,830 [INFO] PluginManage:310 - Check plugin memorymap
2025-08-13 09:02:02,841 [INFO] PluginManage:359 - Loaded plugin memorymap (category:base,tabindex:4)
2025-08-13 09:02:02,841 [INFO] PluginManage:310 - Check plugin pinoutandconfiguration
2025-08-13 09:02:02,849 [INFO] PluginManage:359 - Loaded plugin pinoutandconfiguration (category:base,tabindex:1)
2025-08-13 09:02:02,849 [INFO] PluginManage:310 - Check plugin pinoutconfig
2025-08-13 09:02:02,915 [WARN] SupportedApi:132 - Cannot load RTOS API schema: s4s-elt-must-match.1: The content of 'definitions' must match (annotation?, (simpleType | complexType)?, (unique | key | keyref)*)). A problem was found starting at: attribute.
2025-08-13 09:02:03,013 [INFO] PluginManage:359 - Loaded plugin pinoutconfig (category:base,tabindex:0)
2025-08-13 09:02:03,013 [INFO] PluginManage:310 - Check plugin power
2025-08-13 09:02:03,020 [INFO] PluginManage:359 - Loaded plugin power (category:power,tabindex:4)
2025-08-13 09:02:03,020 [INFO] PluginManage:310 - Check plugin projectmanager
2025-08-13 09:02:03,032 [INFO] PluginManage:359 - Loaded plugin projectmanager (category:projectmanager,tabindex:4)
2025-08-13 09:02:03,032 [INFO] PluginManage:310 - Check plugin rif
2025-08-13 09:02:03,040 [INFO] PluginManage:359 - Loaded plugin rif (category:base,tabindex:3)
2025-08-13 09:02:03,040 [INFO] PluginManage:310 - Check plugin thirdparty
2025-08-13 09:02:03,123 [INFO] PluginManage:359 - Loaded plugin thirdparty (category:base,tabindex:-1)
2025-08-13 09:02:03,123 [INFO] PluginManage:310 - Check plugin tools
2025-08-13 09:02:03,123 [WARN] IntegrityCheckThread:84 - waiting for thirdparty lock release [integrity check]
2025-08-13 09:02:03,123 [INFO] IntegrityCheckThread:86 - entering critical section [integrity check]
2025-08-13 09:02:03,124 [INFO] ThirdPartyUpdaterWithRetryManager:70 - Updater plugin not ready yet. [1/15]
2025-08-13 09:02:03,125 [INFO] PluginManage:359 - Loaded plugin tools (category:base,tabindex:7)
2025-08-13 09:02:03,125 [INFO] PluginManage:310 - Check plugin tutovideos
2025-08-13 09:02:03,260 [INFO] PluginManage:359 - Loaded plugin tutovideos (category:base,tabindex:-1)
2025-08-13 09:02:03,260 [INFO] PluginManage:310 - Check plugin updater
2025-08-13 09:02:03,277 [INFO] PluginManage:359 - Loaded plugin updater (category:base,tabindex:12)
2025-08-13 09:02:03,278 [INFO] PluginManage:310 - Check plugin userauth
2025-08-13 09:02:03,287 [INFO] UserAuth:118 - Init User Auth plugin
2025-08-13 09:02:03,288 [INFO] PluginManage:359 - Loaded plugin userauth (category:base,tabindex:14)
2025-08-13 09:02:03,288 [INFO] PluginManage:283 - PluginManage : Loaded plugins [18]
2025-08-13 09:02:03,424 [INFO] PinOutPanel:1589 - setPackage(No Configuration,No Configuration)
2025-08-13 09:02:03,473 [INFO] CADModel:165 - CPN selected for project level
2025-08-13 09:02:03,473 [INFO] CADModel:114 - Register for checkConnection events
2025-08-13 09:02:03,483 [INFO] IPUIPlugin:80 - create IPUIPlugin
2025-08-13 09:02:03,483 [INFO] PluginManager:220 - loadIPPluginJar : add ddr_ctrl_phy
2025-08-13 09:02:03,484 [INFO] IPUIPlugin:80 - create IPUIPlugin
2025-08-13 09:02:03,484 [INFO] PluginManager:220 - loadIPPluginJar : add aes
2025-08-13 09:02:03,488 [INFO] IPUIPlugin:80 - create IPUIPlugin
2025-08-13 09:02:03,488 [INFO] PluginManager:220 - loadIPPluginJar : add gic
2025-08-13 09:02:03,491 [INFO] IPUIPlugin:80 - create IPUIPlugin
2025-08-13 09:02:03,491 [INFO] PluginManager:220 - loadIPPluginJar : add resmgrutility
2025-08-13 09:02:03,492 [INFO] IPUIPlugin:80 - create IPUIPlugin
2025-08-13 09:02:03,493 [INFO] PluginManager:220 - loadIPPluginJar : add dma3
2025-08-13 09:02:03,494 [INFO] IPUIPlugin:80 - create IPUIPlugin
2025-08-13 09:02:03,494 [INFO] PluginManager:220 - loadIPPluginJar : add spi
2025-08-13 09:02:03,498 [INFO] IPUIPlugin:80 - create IPUIPlugin
2025-08-13 09:02:03,500 [INFO] PluginManager:220 - loadIPPluginJar : add plateformsettings
2025-08-13 09:02:03,502 [INFO] IPUIPlugin:80 - create IPUIPlugin
2025-08-13 09:02:03,502 [INFO] PluginManager:220 - loadIPPluginJar : add gtzc
2025-08-13 09:02:03,506 [INFO] IPUIPlugin:80 - create IPUIPlugin
2025-08-13 09:02:03,506 [INFO] PluginManager:220 - loadIPPluginJar : add freertos
2025-08-13 09:02:03,508 [INFO] IPUIPlugin:80 - create IPUIPlugin
2025-08-13 09:02:03,508 [INFO] PluginManager:220 - loadIPPluginJar : add fmc
2025-08-13 09:02:03,509 [INFO] IPUIPlugin:80 - create IPUIPlugin
2025-08-13 09:02:03,509 [INFO] PluginManager:220 - loadIPPluginJar : add quadspi
2025-08-13 09:02:03,510 [INFO] IPUIPlugin:80 - create IPUIPlugin
2025-08-13 09:02:03,510 [INFO] PluginManager:220 - loadIPPluginJar : add radio
2025-08-13 09:02:03,511 [INFO] IPUIPlugin:80 - create IPUIPlugin
2025-08-13 09:02:03,511 [INFO] PluginManager:220 - loadIPPluginJar : add fatfs
2025-08-13 09:02:03,516 [INFO] IPUIPlugin:80 - create IPUIPlugin
2025-08-13 09:02:03,516 [INFO] PluginManager:220 - loadIPPluginJar : add mdma
2025-08-13 09:02:03,517 [INFO] IPUIPlugin:80 - create IPUIPlugin
2025-08-13 09:02:03,517 [INFO] PluginManager:220 - loadIPPluginJar : add ltdc
2025-08-13 09:02:03,519 [INFO] IPUIPlugin:80 - create IPUIPlugin
2025-08-13 09:02:03,520 [INFO] PluginManager:220 - loadIPPluginJar : add gpio
2025-08-13 09:02:03,521 [INFO] IPUIPlugin:80 - create IPUIPlugin
2025-08-13 09:02:03,521 [INFO] PluginManager:220 - loadIPPluginJar : add opamp
2025-08-13 09:02:03,522 [INFO] IPUIPlugin:80 - create IPUIPlugin
2025-08-13 09:02:03,522 [INFO] PluginManager:220 - loadIPPluginJar : add usart
2025-08-13 09:02:03,524 [INFO] IPUIPlugin:80 - create IPUIPlugin
2025-08-13 09:02:03,524 [INFO] PluginManager:220 - loadIPPluginJar : add usbx
2025-08-13 09:02:03,525 [INFO] IPUIPlugin:80 - create IPUIPlugin
2025-08-13 09:02:03,525 [INFO] PluginManager:220 - loadIPPluginJar : add tim
2025-08-13 09:02:03,526 [INFO] IPUIPlugin:80 - create IPUIPlugin
2025-08-13 09:02:03,526 [INFO] PluginManager:220 - loadIPPluginJar : add lorawan
2025-08-13 09:02:03,527 [INFO] IPUIPlugin:80 - create IPUIPlugin
2025-08-13 09:02:03,528 [INFO] PluginManager:220 - loadIPPluginJar : add i2s
2025-08-13 09:02:03,532 [INFO] IPUIPlugin:80 - create IPUIPlugin
2025-08-13 09:02:03,532 [INFO] PluginManager:220 - loadIPPluginJar : add adc
2025-08-13 09:02:03,534 [INFO] IPUIPlugin:80 - create IPUIPlugin
2025-08-13 09:02:03,534 [INFO] PluginManager:220 - loadIPPluginJar : add extmemmanager
2025-08-13 09:02:03,535 [INFO] IPUIPlugin:80 - create IPUIPlugin
2025-08-13 09:02:03,535 [INFO] PluginManager:220 - loadIPPluginJar : add comp
2025-08-13 09:02:03,536 [INFO] IPUIPlugin:80 - create IPUIPlugin
2025-08-13 09:02:03,536 [INFO] PluginManager:220 - loadIPPluginJar : add genericplugin
2025-08-13 09:02:03,537 [INFO] IPUIPlugin:80 - create IPUIPlugin
2025-08-13 09:02:03,537 [INFO] PluginManager:220 - loadIPPluginJar : add ts
2025-08-13 09:02:03,538 [INFO] IPUIPlugin:80 - create IPUIPlugin
2025-08-13 09:02:03,538 [INFO] PluginManager:220 - loadIPPluginJar : add ucpd
2025-08-13 09:02:03,540 [INFO] IPUIPlugin:80 - create IPUIPlugin
2025-08-13 09:02:03,540 [INFO] PluginManager:220 - loadIPPluginJar : add can
2025-08-13 09:02:03,542 [INFO] IPUIPlugin:80 - create IPUIPlugin
2025-08-13 09:02:03,542 [INFO] PluginManager:220 - loadIPPluginJar : add touchsensing
2025-08-13 09:02:03,544 [INFO] IPUIPlugin:80 - create IPUIPlugin
2025-08-13 09:02:03,544 [INFO] PluginManager:220 - loadIPPluginJar : add tracer_emb
2025-08-13 09:02:03,549 [INFO] IPUIPlugin:80 - create IPUIPlugin
2025-08-13 09:02:03,549 [INFO] PluginManager:220 - loadIPPluginJar : add stm32_wpan
2025-08-13 09:02:03,550 [INFO] IPUIPlugin:80 - create IPUIPlugin
2025-08-13 09:02:03,551 [INFO] PluginManager:220 - loadIPPluginJar : add tsc
2025-08-13 09:02:03,552 [INFO] IPUIPlugin:80 - create IPUIPlugin
2025-08-13 09:02:03,552 [INFO] PluginManager:220 - loadIPPluginJar : add gfxmmu
2025-08-13 09:02:03,555 [INFO] IPUIPlugin:80 - create IPUIPlugin
2025-08-13 09:02:03,555 [INFO] PluginManager:220 - loadIPPluginJar : add ipddr
2025-08-13 09:02:03,556 [INFO] IPUIPlugin:80 - create IPUIPlugin
2025-08-13 09:02:03,556 [INFO] PluginManager:220 - loadIPPluginJar : add i2c
2025-08-13 09:02:03,559 [INFO] IPUIPlugin:80 - create IPUIPlugin
2025-08-13 09:02:03,560 [INFO] PluginManager:220 - loadIPPluginJar : add nvic
2025-08-13 09:02:03,561 [INFO] IPUIPlugin:80 - create IPUIPlugin
2025-08-13 09:02:03,562 [INFO] PluginManager:220 - loadIPPluginJar : add i3c
2025-08-13 09:02:03,563 [INFO] IPUIPlugin:80 - create IPUIPlugin
2025-08-13 09:02:03,563 [INFO] PluginManager:220 - loadIPPluginJar : add dfsdm
2025-08-13 09:02:03,565 [INFO] IPUIPlugin:80 - create IPUIPlugin
2025-08-13 09:02:03,565 [INFO] PluginManager:220 - loadIPPluginJar : add pdm2pcm
2025-08-13 09:02:03,567 [INFO] IPUIPlugin:80 - create IPUIPlugin
2025-08-13 09:02:03,568 [INFO] PluginManager:220 - loadIPPluginJar : add openamp
2025-08-13 09:02:03,572 [INFO] IPUIPlugin:80 - create IPUIPlugin
2025-08-13 09:02:03,572 [INFO] PluginManager:220 - loadIPPluginJar : add dma
2025-08-13 09:02:03,575 [INFO] IPUIPlugin:80 - create IPUIPlugin
2025-08-13 09:02:03,575 [INFO] PluginManager:220 - loadIPPluginJar : add sai
2025-08-13 09:02:03,576 [INFO] IPUIPlugin:80 - create IPUIPlugin
2025-08-13 09:02:03,577 [INFO] PluginManager:220 - loadIPPluginJar : add hash
2025-08-13 09:02:03,583 [INFO] IPUIPlugin:80 - create IPUIPlugin
2025-08-13 09:02:03,583 [INFO] PluginManager:220 - loadIPPluginJar : add linkedlist
2025-08-13 09:02:03,585 [INFO] IPUIPlugin:80 - create IPUIPlugin
2025-08-13 09:02:03,585 [INFO] PluginManager:220 - loadIPPluginJar : add cryp
2025-08-13 09:02:03,679 [FATAL] Updater:351 - Updater called before beeing initialized
2025-08-13 09:02:03,699 [INFO] RulesReader:64 - Compatibility file has been processed (317 Rules)
2025-08-13 09:02:03,706 [INFO] RulesReader:64 - Compatibility file has been processed (317 Rules)
2025-08-13 09:02:03,711 [INFO] CADModel:165 - CPN selected for project level
2025-08-13 09:02:03,711 [INFO] CADModel:114 - Register for checkConnection events
2025-08-13 09:02:03,711 [FATAL] Updater:351 - Updater called before beeing initialized
2025-08-13 09:02:03,711 [ERROR] CADModel:125 - Updater not yet initialized, retry later 
2025-08-13 09:02:03,800 [FATAL] Updater:351 - Updater called before beeing initialized
2025-08-13 09:02:03,802 [INFO] CADModel:165 - CPN selected for project level
2025-08-13 09:02:03,802 [INFO] CADModel:114 - Register for checkConnection events
2025-08-13 09:02:03,802 [FATAL] Updater:351 - Updater called before beeing initialized
2025-08-13 09:02:03,802 [ERROR] CADModel:125 - Updater not yet initialized, retry later 
2025-08-13 09:02:03,804 [FATAL] Updater:351 - Updater called before beeing initialized
2025-08-13 09:02:03,866 [FATAL] Updater:351 - Updater called before beeing initialized
2025-08-13 09:02:03,869 [INFO] DbMcusAds:53 - JSON generation date=Tue Jul 08 15:14:23 ICT 2025 (1751962463582)
2025-08-13 09:02:03,869 [FATAL] Updater:351 - Updater called before beeing initialized
2025-08-13 09:02:03,893 [WARN] DetailPanel:346 - Failed to get advertising image, set to default
2025-08-13 09:02:03,945 [FATAL] Updater:351 - Updater called before beeing initialized
2025-08-13 09:02:03,946 [FATAL] Updater:351 - Updater called before beeing initialized
2025-08-13 09:02:03,946 [FATAL] Updater:351 - Updater called before beeing initialized
2025-08-13 09:02:03,946 [WARN] DetailPanel:346 - Failed to get advertising image, set to default
2025-08-13 09:02:03,947 [FATAL] Updater:351 - Updater called before beeing initialized
2025-08-13 09:02:03,970 [ERROR] Updater:1198 - MainUpdater not yet initialized. External WinMGr cannot be set.
2025-08-13 09:02:03,971 [INFO] Updater:1134 - Updater Version found : 6.15.0
2025-08-13 09:02:03,984 [INFO] ApplicationProperties:184 - Using Application install path: /home/tuna/st/stm32cubeide_1.18.1/plugins/com.st.stm32cube.common.mx_6.15.0.202507011659
2025-08-13 09:02:04,737 [INFO] MainUpdater:2872 - connection check result : 10
2025-08-13 09:02:04,738 [INFO] MainUpdater:289 - Updater Check For Update Now.
2025-08-13 09:02:04,738 [INFO] MicroXplorer:498 - Change Database Version : DB.6.0.150
2025-08-13 09:02:04,742 [INFO] McuFinderGlobals:63 - Set McuFinder mode to 2 (CubeIDE integrated)
2025-08-13 09:02:04,742 [INFO] UserAuth:487 - Internet connection configuration mode: 1
2025-08-13 09:02:04,759 [INFO] JxBrowserEngine:152 - Initiate JxBrowser Engine with user profile folder
2025-08-13 09:02:04,883 [INFO] CheckServerUpdateThread:120 - End of CheckServer Thread
2025-08-13 09:02:05,709 [INFO] WebApp:169 - Instantiating new browser for Auth
2025-08-13 09:02:06,211 [WARN] PackLoader:240 - Cannot read IP mode file for STMicroelectronics.FP-SNS-MOTENVWB1.1.4.0
2025-08-13 09:02:06,217 [WARN] PackLoader:240 - Cannot read IP mode file for STMicroelectronics.FP-ATR-ASTRA1.2.0.2
2025-08-13 09:02:06,222 [WARN] PackLoader:240 - Cannot read IP mode file for STMicroelectronics.X-CUBE-SMBUS.2.1.0
2025-08-13 09:02:06,224 [WARN] PackLoader:240 - Cannot read IP mode file for STMicroelectronics.X-CUBE-ST60.1.0.0
2025-08-13 09:02:06,245 [WARN] PackLoader:240 - Cannot read IP mode file for STMicroelectronics.X-CUBE-AZRTOS-F7.1.1.0
2025-08-13 09:02:06,271 [WARN] PackLoader:240 - Cannot read IP mode file for Infineon.AIROC-Wi-Fi-Bluetooth-STM32.1.7.1
2025-08-13 09:02:06,298 [WARN] PackLoader:240 - Cannot read IP mode file for STMicroelectronics.X-CUBE-AZRTOS-H7.3.4.0
2025-08-13 09:02:06,308 [WARN] PackLoader:240 - Cannot read IP mode file for STMicroelectronics.X-CUBE-DISPLAY.3.0.0
2025-08-13 09:02:06,320 [WARN] PackLoader:240 - Cannot read IP mode file for STMicroelectronics.X-CUBE-NFC10.1.0.0
2025-08-13 09:02:06,325 [WARN] PackLoader:240 - Cannot read IP mode file for emotas.I-CUBE-CANOPEN.1.3.0
2025-08-13 09:02:06,330 [WARN] PackLoader:240 - Cannot read IP mode file for STMicroelectronics.FP-SNS-STBOX1.2.1.0
2025-08-13 09:02:06,334 [WARN] PackLoader:240 - Cannot read IP mode file for STMicroelectronics.FP-SNS-SMARTAG2.1.2.0
2025-08-13 09:02:06,337 [WARN] PackLoader:240 - Cannot read IP mode file for STMicroelectronics.FP-SNS-FLIGHT1.5.1.0
2025-08-13 09:02:06,346 [INFO] LogOutputStream:77 - [STDOUT_REDIRECT] 1 : Invalid condition id : UX_CORESTACK_Condition cause : null
2025-08-13 09:02:06,346 [INFO] LogOutputStream:77 - [STDOUT_REDIRECT] 1 : Invalid condition id : UX_CORESTACK_Condition cause : null
2025-08-13 09:02:06,346 [INFO] LogOutputStream:77 - [STDOUT_REDIRECT] 1 : Invalid condition id : UX_CORESTACK_Condition cause : null
2025-08-13 09:02:06,347 [INFO] LogOutputStream:77 - [STDOUT_REDIRECT] 1 : Invalid condition id : UX_CORESTACK_Condition cause : null
2025-08-13 09:02:06,347 [INFO] LogOutputStream:77 - [STDOUT_REDIRECT] 1 : Invalid condition id : UX_CORESTACK_Condition cause : null
2025-08-13 09:02:06,349 [WARN] PackLoader:240 - Cannot read IP mode file for STMicroelectronics.X-CUBE-AZRTOS-WL.2.0.0
2025-08-13 09:02:06,360 [WARN] PackLoader:240 - Cannot read IP mode file for STMicroelectronics.FP-SNS-MOTENV1.5.0.0
2025-08-13 09:02:06,368 [WARN] PackLoader:240 - Cannot read IP mode file for WES.I-CUBE-Cesium.1.3.0
2025-08-13 09:02:06,371 [INFO] WebApp:463 - Apply proxy settings
2025-08-13 09:02:06,371 [INFO] WebApp:548 - Chromium requires no authentication
2025-08-13 09:02:06,373 [WARN] PackLoader:240 - Cannot read IP mode file for STMicroelectronics.X-CUBE-BLE2.3.3.0
2025-08-13 09:02:06,377 [WARN] PackLoader:240 - Cannot read IP mode file for STMicroelectronics.X-CUBE-NFC9.1.0.0
2025-08-13 09:02:06,380 [INFO] WebApp:491 - Direct internet connection detected
2025-08-13 09:02:06,382 [WARN] PackLoader:240 - Cannot read IP mode file for wolfSSL.I-CUBE-wolfSSL.5.8.2
2025-08-13 09:02:06,386 [WARN] PackLoader:240 - Cannot read IP mode file for STMicroelectronics.X-CUBE-BLE1.7.1.0
2025-08-13 09:02:06,390 [WARN] PackLoader:240 - Cannot read IP mode file for wolfSSL.I-CUBE-wolfMQTT.1.19.2
2025-08-13 09:02:06,395 [WARN] PackLoader:240 - Cannot read IP mode file for STMicroelectronics.X-CUBE-EEPRMA1.5.2.0
2025-08-13 09:02:06,400 [WARN] PackLoader:240 - Cannot read IP mode file for STMicroelectronics.X-CUBE-AI.10.1.0
2025-08-13 09:02:06,402 [INFO] WebApp:900 - Register for checkConnection events
2025-08-13 09:02:06,402 [INFO] WebApp:463 - Apply proxy settings
2025-08-13 09:02:06,402 [INFO] WebApp:548 - Chromium requires no authentication
2025-08-13 09:02:06,403 [INFO] WebApp:491 - Direct internet connection detected
2025-08-13 09:02:06,432 [WARN] PackLoader:240 - Cannot read IP mode file for STMicroelectronics.X-CUBE-AZRTOS-G0.1.1.0
2025-08-13 09:02:06,441 [WARN] PackLoader:240 - Cannot read IP mode file for STMicroelectronics.X-CUBE-SAFEA1.1.2.2
2025-08-13 09:02:06,448 [WARN] PackLoader:240 - Cannot read IP mode file for STMicroelectronics.X-CUBE-NFC4.3.0.0
2025-08-13 09:02:06,456 [WARN] PackLoader:240 - Cannot read IP mode file for EmbeddedOffice.I-CUBE-FS-RTOS.1.0.1
2025-08-13 09:02:06,459 [WARN] PackLoader:240 - Cannot read IP mode file for STMicroelectronics.X-CUBE-WB05N.2.0.0
2025-08-13 09:02:06,462 [WARN] PackLoader:240 - Cannot read IP mode file for wolfSSL.I-CUBE-wolfTPM.3.8.0
2025-08-13 09:02:06,465 [WARN] PackLoader:240 - Cannot read IP mode file for STMicroelectronics.X-CUBE-TCPP.4.2.0
2025-08-13 09:02:06,468 [WARN] PackLoader:240 - Cannot read IP mode file for RealThread.X-CUBE-RT-Thread_Nano.4.1.1
2025-08-13 09:02:06,470 [WARN] PackLoader:240 - Cannot read IP mode file for STMicroelectronics.FP-ATR-SIGFOX1.3.2.0
2025-08-13 09:02:06,474 [WARN] PackLoader:240 - Cannot read IP mode file for ITTIA_DB.I-CUBE-ITTIADB.8.9.0
2025-08-13 09:02:06,479 [WARN] PackLoader:240 - Cannot read IP mode file for STMicroelectronics.X-CUBE-ST67W61.1.0.0
2025-08-13 09:02:06,482 [WARN] PackLoader:240 - Cannot read IP mode file for STMicroelectronics.X-CUBE-AI.10.2.0
2025-08-13 09:02:06,494 [WARN] PackLoader:240 - Cannot read IP mode file for SEGGER.I-CUBE-embOS.1.3.1
2025-08-13 09:02:06,519 [WARN] PackLoader:240 - Cannot read IP mode file for STMicroelectronics.X-CUBE-ALGOBUILD.1.4.0
2025-08-13 09:02:06,540 [WARN] PackLoader:240 - Cannot read IP mode file for STMicroelectronics.X-CUBE-MEMS1.11.3.0
2025-08-13 09:02:06,554 [INFO] WebApp:225 - Starting web application
2025-08-13 09:02:06,554 [INFO] WebApp:593 - Web application path used /home/tuna/st/stm32cubeide_1.18.1/plugins/com.st.stm32cube.common.mx_6.15.0.202507011659/db/plugins/mcufinder/reactClient1/index.html
2025-08-13 09:02:06,624 [WARN] PackLoader:240 - Cannot read IP mode file for STMicroelectronics.X-CUBE-PM33A1.1.0.0
2025-08-13 09:02:06,633 [WARN] PackLoader:240 - Cannot read IP mode file for STMicroelectronics.X-CUBE-AZRTOS-F4.1.1.0
2025-08-13 09:02:06,635 [WARN] PackLoader:240 - Cannot read IP mode file for Avnet-IotConnect.X-CUBE-IoTC-DA16k-PMOD.1.0.0
2025-08-13 09:02:06,638 [WARN] PackLoader:240 - Cannot read IP mode file for STMicroelectronics.X-CUBE-ISPU.2.1.0
2025-08-13 09:02:06,641 [WARN] PackLoader:240 - Cannot read IP mode file for STMicroelectronics.X-CUBE-NFC12.1.0.0
2025-08-13 09:02:06,649 [WARN] PackLoader:240 - Cannot read IP mode file for STMicroelectronics.X-CUBE-AZRTOS-L5.2.0.0
2025-08-13 09:02:06,653 [WARN] PackLoader:240 - Cannot read IP mode file for STMicroelectronics.X-CUBE-NFC6.3.1.0
2025-08-13 09:02:06,657 [WARN] PackLoader:240 - Cannot read IP mode file for STMicroelectronics.X-CUBE-FREERTOS.1.3.1
2025-08-13 09:02:06,658 [INFO] UserAuth:487 - Internet connection configuration mode: 1
2025-08-13 09:02:06,660 [WARN] PackLoader:240 - Cannot read IP mode file for STMicroelectronics.FP-SNS-STAIOTCFT.1.0.0
2025-08-13 09:02:06,665 [WARN] PackLoader:240 - Cannot read IP mode file for STMicroelectronics.X-CUBE-DPower.1.3.0
2025-08-13 09:02:06,676 [WARN] ConditionMgr:438 - getConditionDescription Invalid condition id : LAN8742 Phy interface Condition cause : null
2025-08-13 09:02:06,677 [WARN] PackLoader:240 - Cannot read IP mode file for STMicroelectronics.X-CUBE-AZRTOS-L4.2.0.0
2025-08-13 09:02:06,678 [WARN] ConditionMgr:1044 - genDependencies : Invalid condition id : LAN8742 Phy interface Condition cause : null
2025-08-13 09:02:06,678 [WARN] ConditionMgr:1044 - genDependencies : Invalid condition id : LAN8742 Phy interface Condition cause : null
2025-08-13 09:02:06,678 [WARN] ConditionMgr:1044 - genDependencies : Invalid condition id : LAN8742 Phy interface Condition cause : null
2025-08-13 09:02:06,683 [WARN] PackLoader:240 - Cannot read IP mode file for STMicroelectronics.X-CUBE-SFXS2LP1.4.0.0
2025-08-13 09:02:06,691 [WARN] PackLoader:240 - Cannot read IP mode file for STMicroelectronics.X-CUBE-BLEMGR.4.1.0
2025-08-13 09:02:06,699 [WARN] ConditionMgr:438 - getConditionDescription Invalid condition id : UX DEVICE CLASS RTOS Condition cause : null
2025-08-13 09:02:06,699 [WARN] ConditionMgr:438 - getConditionDescription Invalid condition id : UX DEVICE CLASS RTOS Condition cause : null
2025-08-13 09:02:06,700 [WARN] PackLoader:240 - Cannot read IP mode file for STMicroelectronics.X-CUBE-AZRTOS-WB.2.0.0
2025-08-13 09:02:06,700 [WARN] ConditionMgr:1044 - genDependencies : Invalid condition id : UX DEVICE CLASS RTOS Condition cause : null
2025-08-13 09:02:06,700 [WARN] ConditionMgr:1044 - genDependencies : Invalid condition id : UX DEVICE CLASS RTOS Condition cause : null
2025-08-13 09:02:06,700 [WARN] ConditionMgr:1044 - genDependencies : Invalid condition id : UX DEVICE CLASS RTOS Condition cause : null
2025-08-13 09:02:06,700 [WARN] ConditionMgr:1044 - genDependencies : Invalid condition id : UX DEVICE CLASS RTOS Condition cause : null
2025-08-13 09:02:06,700 [WARN] ConditionMgr:1044 - genDependencies : Invalid condition id : UX DEVICE CLASS RTOS Condition cause : null
2025-08-13 09:02:06,703 [WARN] PackLoader:240 - Cannot read IP mode file for STMicroelectronics.X-CUBE-GNSS1.7.0.1
2025-08-13 09:02:06,706 [WARN] PackLoader:240 - Cannot read IP mode file for STMicroelectronics.X-CUBE-TOUCHGFX.4.25.0
2025-08-13 09:02:06,709 [WARN] PackLoader:240 - Cannot read IP mode file for STMicroelectronics.FP-SNS-STBOX1.2.0.0
2025-08-13 09:02:06,712 [WARN] ConditionMgr:438 - getConditionDescription Invalid condition id : Cortex-A Device cause : null
2025-08-13 09:02:06,719 [WARN] ConditionMgr:1044 - genDependencies : Invalid condition id : Cortex-A Device cause : null
2025-08-13 09:02:06,719 [WARN] ConditionMgr:1044 - genDependencies : Invalid condition id : Cortex-A Device cause : null
2025-08-13 09:02:06,719 [WARN] ConditionMgr:1044 - genDependencies : Invalid condition id : Cortex-A Device cause : null
2025-08-13 09:02:06,723 [WARN] PackLoader:240 - Cannot read IP mode file for STMicroelectronics.X-CUBE-SUBG2.5.0.0
2025-08-13 09:02:06,737 [WARN] PackLoader:240 - Cannot read IP mode file for STMicroelectronics.X-CUBE-AZRTOS-H7RS.1.1.0
2025-08-13 09:02:06,743 [WARN] PackLoader:240 - Cannot read IP mode file for Cesanta.I-CUBE-Mongoose.7.13.0
2025-08-13 09:02:06,752 [WARN] PackLoader:240 - Cannot read IP mode file for STMicroelectronics.X-CUBE-AZRTOS-G4.2.0.0
2025-08-13 09:02:06,755 [WARN] PackLoader:240 - Cannot read IP mode file for wolfSSL.I-CUBE-wolfSSH.1.4.20
2025-08-13 09:02:06,758 [WARN] PackLoader:240 - Cannot read IP mode file for STMicroelectronics.X-CUBE-NFC7.2.0.0
2025-08-13 09:02:06,764 [WARN] PackLoader:240 - Cannot read IP mode file for STMicroelectronics.X-CUBE-IPS.3.1.0
2025-08-13 09:02:06,769 [WARN] PackLoader:240 - Cannot read IP mode file for STMicroelectronics.X-CUBE-ALS.1.0.2
2025-08-13 09:02:06,772 [WARN] PackLoader:240 - Cannot read IP mode file for portGmbH.I-Cube-SoM-uGOAL.1.1.0
2025-08-13 09:02:06,792 [WARN] PackLoader:240 - Cannot read IP mode file for STMicroelectronics.X-CUBE-TOF1.3.4.3
2025-08-13 09:02:06,804 [INFO] ThirdParty:978 - Integrity check success = true
2025-08-13 09:02:06,804 [INFO] IntegrityCheckThread:100 - exiting critical section [integrity check]
2025-08-13 09:02:06,804 [INFO] IntegrityCheckThread:103 - End integrity checks thread
2025-08-13 09:02:07,157 [INFO] WebApp:191 - Connection restablished
