2025-08-11 13:41:15,007 [INFO] Activator:176 - 


2025-08-11 13:41:15,009 [INFO] Activator:177 - !SESSION log4j initialized
2025-08-11 13:41:17,621 [INFO] LogOutputStream:77 - [STDOUT_REDIRECT] 
2025-08-11 13:41:19,140 [INFO] ApplicationProperties:184 - Using Application install path: /home/tuna/st/stm32cubeide_1.18.1/plugins/com.st.stm32cube.common.mx_6.15.0.202507011659
2025-08-11 13:41:19,150 [INFO] DbMcusXml:78 - Set database path to: /home/tuna/st/stm32cubeide_1.18.1/plugins/com.st.stm32cube.common.mx_6.15.0.202507011659//db//mcu/
2025-08-11 13:41:19,150 [INFO] ApiDb:274 - Set plugin database path to: /home/tuna/st/stm32cubeide_1.18.1/plugins/com.st.stm32cube.common.mx_6.15.0.202507011659//db//plugins/boardmanager/
2025-08-11 13:41:19,150 [WARN] ApiDb:259 - Overriding images path with different value:  => /home/tuna/st/stm32cubeide_1.18.1/plugins/com.st.stm32cube.common.mx_6.15.0.202507011659//db//plugins/mcufinder/images/
2025-08-11 13:41:19,152 [INFO] ApiDb:250 - Set database path to: /home/tuna/.stmcufinder/plugins/mcufinder//mcu/
2025-08-11 13:41:19,153 [INFO] DbMcusAds:125 - Set database path to: /home/tuna/.stmcufinder/plugins/mcufinder//mcu/
2025-08-11 13:41:19,154 [INFO] CrossReferenceDbSqlite:203 - Set database path to: /home/tuna/.stmcufinder/plugins/mcufinder//mcu/cs/
2025-08-11 13:41:19,217 [INFO] RulesReader:64 - Compatibility file has been processed (317 Rules)
2025-08-11 13:41:19,258 [INFO] DbMcusXml:78 - Set database path to: /home/tuna/st/stm32cubeide_1.18.1/plugins/com.st.stm32cube.common.mx_6.15.0.202507011659//db//mcu/
2025-08-11 13:41:19,258 [INFO] ApiDb:274 - Set plugin database path to: /home/tuna/st/stm32cubeide_1.18.1/plugins/com.st.stm32cube.common.mx_6.15.0.202507011659//db//plugins/boardmanager/
2025-08-11 13:41:19,258 [INFO] ApiDb:261 - Set plugin images path to: /home/tuna/st/stm32cubeide_1.18.1/plugins/com.st.stm32cube.common.mx_6.15.0.202507011659//db//plugins/mcufinder/images/
2025-08-11 13:41:19,258 [WARN] DbFile:41 - Overriding database path with different value: /home/tuna/.stmcufinder/plugins/mcufinder/ => /home/tuna/.stmcufinder/plugins/mcufinder
2025-08-11 13:41:19,258 [INFO] ApiDb:250 - Set database path to: /home/tuna/.stmcufinder/plugins/mcufinder//mcu/
2025-08-11 13:41:19,258 [WARN] DbFile:41 - Overriding database path with different value: /home/tuna/.stmcufinder/plugins/mcufinder/ => /home/tuna/.stmcufinder/plugins/mcufinder
2025-08-11 13:41:19,258 [INFO] DbMcusAds:125 - Set database path to: /home/tuna/.stmcufinder/plugins/mcufinder//mcu/
2025-08-11 13:41:19,258 [WARN] DbFile:41 - Overriding database path with different value: /home/tuna/.stmcufinder/plugins/mcufinder/ => /home/tuna/.stmcufinder/plugins/mcufinder
2025-08-11 13:41:19,258 [WARN] DbFile:41 - Overriding database path with different value: /home/tuna/.stmcufinder/plugins/mcufinder/ => /home/tuna/.stmcufinder/plugins/mcufinder
2025-08-11 13:41:19,258 [INFO] CrossReferenceDbSqlite:203 - Set database path to: /home/tuna/.stmcufinder/plugins/mcufinder//mcu/cs/
2025-08-11 13:41:19,304 [INFO] MainPanel:274 - HeapMemory: 268435456
2025-08-11 13:41:19,393 [INFO] DbMcusXml:78 - Set database path to: /home/tuna/st/stm32cubeide_1.18.1/plugins/com.st.stm32cube.common.mx_6.15.0.202507011659//db//mcu/
2025-08-11 13:41:19,393 [INFO] ApiDb:274 - Set plugin database path to: /home/tuna/st/stm32cubeide_1.18.1/plugins/com.st.stm32cube.common.mx_6.15.0.202507011659//db//plugins/boardmanager/
2025-08-11 13:41:19,393 [INFO] ApiDb:261 - Set plugin images path to: /home/tuna/st/stm32cubeide_1.18.1/plugins/com.st.stm32cube.common.mx_6.15.0.202507011659//db//plugins/mcufinder/images/
2025-08-11 13:41:19,393 [WARN] DbFile:41 - Overriding database path with different value: /home/tuna/.stmcufinder/plugins/mcufinder/ => /home/tuna/.stmcufinder/plugins/mcufinder
2025-08-11 13:41:19,394 [INFO] ApiDb:250 - Set database path to: /home/tuna/.stmcufinder/plugins/mcufinder//mcu/
2025-08-11 13:41:19,394 [WARN] DbFile:41 - Overriding database path with different value: /home/tuna/.stmcufinder/plugins/mcufinder/ => /home/tuna/.stmcufinder/plugins/mcufinder
2025-08-11 13:41:19,394 [INFO] DbMcusAds:125 - Set database path to: /home/tuna/.stmcufinder/plugins/mcufinder//mcu/
2025-08-11 13:41:19,394 [WARN] DbFile:41 - Overriding database path with different value: /home/tuna/.stmcufinder/plugins/mcufinder/ => /home/tuna/.stmcufinder/plugins/mcufinder
2025-08-11 13:41:19,394 [WARN] DbFile:41 - Overriding database path with different value: /home/tuna/.stmcufinder/plugins/mcufinder/ => /home/tuna/.stmcufinder/plugins/mcufinder
2025-08-11 13:41:19,394 [INFO] CrossReferenceDbSqlite:203 - Set database path to: /home/tuna/.stmcufinder/plugins/mcufinder//mcu/cs/
2025-08-11 13:41:19,406 [INFO] ApplicationProperties:184 - Using Application install path: /home/tuna/st/stm32cubeide_1.18.1/plugins/com.st.stm32cube.common.mx_6.15.0.202507011659
2025-08-11 13:41:19,407 [INFO] PluginManage:196 - Search for loadable plugins [exclusion list=, ]
2025-08-11 13:41:19,408 [INFO] PluginManage:310 - Check plugin analytics
2025-08-11 13:41:19,504 [INFO] AnalyticsPlugin:253 - Accepted Software Licenses: STM32CubeMX.6.15.0
2025-08-11 13:41:19,504 [INFO] AnalyticsPlugin:255 - Accepted CMSIS Pack Licenses: 
2025-08-11 13:41:19,504 [INFO] AnalyticsPlugin:257 - Accepted Firmware Licenses: FW.G4.1.6.0,FW.F4.1.28.0
2025-08-11 13:41:19,507 [INFO] PluginManage:359 - Loaded plugin analytics (category:tool,tabindex:-1)
2025-08-11 13:41:19,507 [INFO] PluginManage:310 - Check plugin cadmodel
2025-08-11 13:41:19,509 [INFO] CADModel:105 - Init CAD model plugin
2025-08-11 13:41:19,510 [INFO] PluginManage:359 - Loaded plugin cadmodel (category:power,tabindex:5)
2025-08-11 13:41:19,510 [INFO] PluginManage:310 - Check plugin clock
2025-08-11 13:41:19,515 [INFO] PluginManage:359 - Loaded plugin clock (category:base,tabindex:2)
2025-08-11 13:41:19,515 [INFO] PluginManage:310 - Check plugin ddr
2025-08-11 13:41:19,516 [INFO] PluginManage:359 - Loaded plugin ddr (category:tool,tabindex:6)
2025-08-11 13:41:19,516 [INFO] PluginManage:310 - Check plugin filemanager
2025-08-11 13:41:19,649 [INFO] PluginManage:359 - Loaded plugin filemanager (category:base,tabindex:10)
2025-08-11 13:41:19,649 [INFO] PluginManage:310 - Check plugin ipmanager
2025-08-11 13:41:19,653 [INFO] PluginManage:359 - Loaded plugin ipmanager (category:base,tabindex:5)
2025-08-11 13:41:19,653 [INFO] PluginManage:310 - Check plugin lpbam
2025-08-11 13:41:19,659 [INFO] PluginManage:359 - Loaded plugin lpbam (category:base,tabindex:0)
2025-08-11 13:41:19,659 [INFO] PluginManage:310 - Check plugin memorymap
2025-08-11 13:41:19,666 [INFO] PluginManage:359 - Loaded plugin memorymap (category:base,tabindex:4)
2025-08-11 13:41:19,667 [INFO] PluginManage:310 - Check plugin pinoutandconfiguration
2025-08-11 13:41:19,672 [INFO] PluginManage:359 - Loaded plugin pinoutandconfiguration (category:base,tabindex:1)
2025-08-11 13:41:19,672 [INFO] PluginManage:310 - Check plugin pinoutconfig
2025-08-11 13:41:19,721 [WARN] SupportedApi:132 - Cannot load RTOS API schema: s4s-elt-must-match.1: The content of 'definitions' must match (annotation?, (simpleType | complexType)?, (unique | key | keyref)*)). A problem was found starting at: attribute.
2025-08-11 13:41:19,793 [INFO] PluginManage:359 - Loaded plugin pinoutconfig (category:base,tabindex:0)
2025-08-11 13:41:19,793 [INFO] PluginManage:310 - Check plugin power
2025-08-11 13:41:19,797 [INFO] PluginManage:359 - Loaded plugin power (category:power,tabindex:4)
2025-08-11 13:41:19,797 [INFO] PluginManage:310 - Check plugin projectmanager
2025-08-11 13:41:19,807 [INFO] PluginManage:359 - Loaded plugin projectmanager (category:projectmanager,tabindex:4)
2025-08-11 13:41:19,807 [INFO] PluginManage:310 - Check plugin rif
2025-08-11 13:41:19,812 [INFO] PluginManage:359 - Loaded plugin rif (category:base,tabindex:3)
2025-08-11 13:41:19,812 [INFO] PluginManage:310 - Check plugin thirdparty
2025-08-11 13:41:19,885 [INFO] PluginManage:359 - Loaded plugin thirdparty (category:base,tabindex:-1)
2025-08-11 13:41:19,885 [WARN] IntegrityCheckThread:84 - waiting for thirdparty lock release [integrity check]
2025-08-11 13:41:19,885 [INFO] PluginManage:310 - Check plugin tools
2025-08-11 13:41:19,885 [INFO] IntegrityCheckThread:86 - entering critical section [integrity check]
2025-08-11 13:41:19,886 [INFO] ThirdPartyUpdaterWithRetryManager:70 - Updater plugin not ready yet. [1/15]
2025-08-11 13:41:19,887 [INFO] PluginManage:359 - Loaded plugin tools (category:base,tabindex:7)
2025-08-11 13:41:19,887 [INFO] PluginManage:310 - Check plugin tutovideos
2025-08-11 13:41:20,002 [INFO] PluginManage:359 - Loaded plugin tutovideos (category:base,tabindex:-1)
2025-08-11 13:41:20,003 [INFO] PluginManage:310 - Check plugin updater
2025-08-11 13:41:20,017 [INFO] PluginManage:359 - Loaded plugin updater (category:base,tabindex:12)
2025-08-11 13:41:20,018 [INFO] PluginManage:310 - Check plugin userauth
2025-08-11 13:41:20,020 [INFO] UserAuth:118 - Init User Auth plugin
2025-08-11 13:41:20,020 [INFO] PluginManage:359 - Loaded plugin userauth (category:base,tabindex:14)
2025-08-11 13:41:20,021 [INFO] PluginManage:283 - PluginManage : Loaded plugins [18]
2025-08-11 13:41:20,132 [INFO] PinOutPanel:1589 - setPackage(No Configuration,No Configuration)
2025-08-11 13:41:20,179 [INFO] CADModel:165 - CPN selected for project level
2025-08-11 13:41:20,180 [INFO] CADModel:114 - Register for checkConnection events
2025-08-11 13:41:20,187 [INFO] IPUIPlugin:80 - create IPUIPlugin
2025-08-11 13:41:20,187 [INFO] PluginManager:220 - loadIPPluginJar : add ddr_ctrl_phy
2025-08-11 13:41:20,188 [INFO] IPUIPlugin:80 - create IPUIPlugin
2025-08-11 13:41:20,188 [INFO] PluginManager:220 - loadIPPluginJar : add aes
2025-08-11 13:41:20,191 [INFO] IPUIPlugin:80 - create IPUIPlugin
2025-08-11 13:41:20,191 [INFO] PluginManager:220 - loadIPPluginJar : add gic
2025-08-11 13:41:20,194 [INFO] IPUIPlugin:80 - create IPUIPlugin
2025-08-11 13:41:20,194 [INFO] PluginManager:220 - loadIPPluginJar : add resmgrutility
2025-08-11 13:41:20,195 [INFO] IPUIPlugin:80 - create IPUIPlugin
2025-08-11 13:41:20,195 [INFO] PluginManager:220 - loadIPPluginJar : add dma3
2025-08-11 13:41:20,196 [INFO] IPUIPlugin:80 - create IPUIPlugin
2025-08-11 13:41:20,196 [INFO] PluginManager:220 - loadIPPluginJar : add spi
2025-08-11 13:41:20,199 [INFO] IPUIPlugin:80 - create IPUIPlugin
2025-08-11 13:41:20,201 [INFO] PluginManager:220 - loadIPPluginJar : add plateformsettings
2025-08-11 13:41:20,202 [INFO] IPUIPlugin:80 - create IPUIPlugin
2025-08-11 13:41:20,202 [INFO] PluginManager:220 - loadIPPluginJar : add gtzc
2025-08-11 13:41:20,205 [INFO] IPUIPlugin:80 - create IPUIPlugin
2025-08-11 13:41:20,205 [INFO] PluginManager:220 - loadIPPluginJar : add freertos
2025-08-11 13:41:20,207 [INFO] IPUIPlugin:80 - create IPUIPlugin
2025-08-11 13:41:20,207 [INFO] PluginManager:220 - loadIPPluginJar : add fmc
2025-08-11 13:41:20,208 [INFO] IPUIPlugin:80 - create IPUIPlugin
2025-08-11 13:41:20,208 [INFO] PluginManager:220 - loadIPPluginJar : add quadspi
2025-08-11 13:41:20,209 [INFO] IPUIPlugin:80 - create IPUIPlugin
2025-08-11 13:41:20,209 [INFO] PluginManager:220 - loadIPPluginJar : add radio
2025-08-11 13:41:20,210 [INFO] IPUIPlugin:80 - create IPUIPlugin
2025-08-11 13:41:20,210 [INFO] PluginManager:220 - loadIPPluginJar : add fatfs
2025-08-11 13:41:20,213 [INFO] IPUIPlugin:80 - create IPUIPlugin
2025-08-11 13:41:20,213 [INFO] PluginManager:220 - loadIPPluginJar : add mdma
2025-08-11 13:41:20,214 [INFO] IPUIPlugin:80 - create IPUIPlugin
2025-08-11 13:41:20,214 [INFO] PluginManager:220 - loadIPPluginJar : add ltdc
2025-08-11 13:41:20,216 [INFO] IPUIPlugin:80 - create IPUIPlugin
2025-08-11 13:41:20,216 [INFO] PluginManager:220 - loadIPPluginJar : add gpio
2025-08-11 13:41:20,217 [INFO] IPUIPlugin:80 - create IPUIPlugin
2025-08-11 13:41:20,217 [INFO] PluginManager:220 - loadIPPluginJar : add opamp
2025-08-11 13:41:20,218 [INFO] IPUIPlugin:80 - create IPUIPlugin
2025-08-11 13:41:20,218 [INFO] PluginManager:220 - loadIPPluginJar : add usart
2025-08-11 13:41:20,219 [INFO] IPUIPlugin:80 - create IPUIPlugin
2025-08-11 13:41:20,219 [INFO] PluginManager:220 - loadIPPluginJar : add usbx
2025-08-11 13:41:20,220 [INFO] IPUIPlugin:80 - create IPUIPlugin
2025-08-11 13:41:20,220 [INFO] PluginManager:220 - loadIPPluginJar : add tim
2025-08-11 13:41:20,222 [INFO] IPUIPlugin:80 - create IPUIPlugin
2025-08-11 13:41:20,222 [INFO] PluginManager:220 - loadIPPluginJar : add lorawan
2025-08-11 13:41:20,223 [INFO] IPUIPlugin:80 - create IPUIPlugin
2025-08-11 13:41:20,223 [INFO] PluginManager:220 - loadIPPluginJar : add i2s
2025-08-11 13:41:20,226 [INFO] IPUIPlugin:80 - create IPUIPlugin
2025-08-11 13:41:20,226 [INFO] PluginManager:220 - loadIPPluginJar : add adc
2025-08-11 13:41:20,228 [INFO] IPUIPlugin:80 - create IPUIPlugin
2025-08-11 13:41:20,228 [INFO] PluginManager:220 - loadIPPluginJar : add extmemmanager
2025-08-11 13:41:20,229 [INFO] IPUIPlugin:80 - create IPUIPlugin
2025-08-11 13:41:20,230 [INFO] PluginManager:220 - loadIPPluginJar : add comp
2025-08-11 13:41:20,230 [INFO] IPUIPlugin:80 - create IPUIPlugin
2025-08-11 13:41:20,230 [INFO] PluginManager:220 - loadIPPluginJar : add genericplugin
2025-08-11 13:41:20,231 [INFO] IPUIPlugin:80 - create IPUIPlugin
2025-08-11 13:41:20,231 [INFO] PluginManager:220 - loadIPPluginJar : add ts
2025-08-11 13:41:20,232 [INFO] IPUIPlugin:80 - create IPUIPlugin
2025-08-11 13:41:20,232 [INFO] PluginManager:220 - loadIPPluginJar : add ucpd
2025-08-11 13:41:20,233 [INFO] IPUIPlugin:80 - create IPUIPlugin
2025-08-11 13:41:20,234 [INFO] PluginManager:220 - loadIPPluginJar : add can
2025-08-11 13:41:20,235 [INFO] IPUIPlugin:80 - create IPUIPlugin
2025-08-11 13:41:20,235 [INFO] PluginManager:220 - loadIPPluginJar : add touchsensing
2025-08-11 13:41:20,236 [INFO] IPUIPlugin:80 - create IPUIPlugin
2025-08-11 13:41:20,236 [INFO] PluginManager:220 - loadIPPluginJar : add tracer_emb
2025-08-11 13:41:20,240 [INFO] IPUIPlugin:80 - create IPUIPlugin
2025-08-11 13:41:20,240 [INFO] PluginManager:220 - loadIPPluginJar : add stm32_wpan
2025-08-11 13:41:20,241 [INFO] IPUIPlugin:80 - create IPUIPlugin
2025-08-11 13:41:20,241 [INFO] PluginManager:220 - loadIPPluginJar : add tsc
2025-08-11 13:41:20,242 [INFO] IPUIPlugin:80 - create IPUIPlugin
2025-08-11 13:41:20,242 [INFO] PluginManager:220 - loadIPPluginJar : add gfxmmu
2025-08-11 13:41:20,243 [INFO] IPUIPlugin:80 - create IPUIPlugin
2025-08-11 13:41:20,243 [INFO] PluginManager:220 - loadIPPluginJar : add ipddr
2025-08-11 13:41:20,244 [INFO] IPUIPlugin:80 - create IPUIPlugin
2025-08-11 13:41:20,244 [INFO] PluginManager:220 - loadIPPluginJar : add i2c
2025-08-11 13:41:20,245 [INFO] IPUIPlugin:80 - create IPUIPlugin
2025-08-11 13:41:20,246 [INFO] PluginManager:220 - loadIPPluginJar : add nvic
2025-08-11 13:41:20,247 [INFO] IPUIPlugin:80 - create IPUIPlugin
2025-08-11 13:41:20,247 [INFO] PluginManager:220 - loadIPPluginJar : add i3c
2025-08-11 13:41:20,248 [INFO] IPUIPlugin:80 - create IPUIPlugin
2025-08-11 13:41:20,248 [INFO] PluginManager:220 - loadIPPluginJar : add dfsdm
2025-08-11 13:41:20,249 [INFO] IPUIPlugin:80 - create IPUIPlugin
2025-08-11 13:41:20,249 [INFO] PluginManager:220 - loadIPPluginJar : add pdm2pcm
2025-08-11 13:41:20,250 [INFO] IPUIPlugin:80 - create IPUIPlugin
2025-08-11 13:41:20,251 [INFO] PluginManager:220 - loadIPPluginJar : add openamp
2025-08-11 13:41:20,253 [INFO] IPUIPlugin:80 - create IPUIPlugin
2025-08-11 13:41:20,254 [INFO] PluginManager:220 - loadIPPluginJar : add dma
2025-08-11 13:41:20,255 [INFO] IPUIPlugin:80 - create IPUIPlugin
2025-08-11 13:41:20,255 [INFO] PluginManager:220 - loadIPPluginJar : add sai
2025-08-11 13:41:20,256 [INFO] IPUIPlugin:80 - create IPUIPlugin
2025-08-11 13:41:20,256 [INFO] PluginManager:220 - loadIPPluginJar : add hash
2025-08-11 13:41:20,259 [INFO] IPUIPlugin:80 - create IPUIPlugin
2025-08-11 13:41:20,259 [INFO] PluginManager:220 - loadIPPluginJar : add linkedlist
2025-08-11 13:41:20,260 [INFO] IPUIPlugin:80 - create IPUIPlugin
2025-08-11 13:41:20,260 [INFO] PluginManager:220 - loadIPPluginJar : add cryp
2025-08-11 13:41:20,354 [FATAL] Updater:351 - Updater called before beeing initialized
2025-08-11 13:41:20,371 [INFO] RulesReader:64 - Compatibility file has been processed (317 Rules)
2025-08-11 13:41:20,380 [INFO] RulesReader:64 - Compatibility file has been processed (317 Rules)
2025-08-11 13:41:20,386 [INFO] CADModel:165 - CPN selected for project level
2025-08-11 13:41:20,386 [INFO] CADModel:114 - Register for checkConnection events
2025-08-11 13:41:20,386 [FATAL] Updater:351 - Updater called before beeing initialized
2025-08-11 13:41:20,386 [ERROR] CADModel:125 - Updater not yet initialized, retry later 
2025-08-11 13:41:20,469 [FATAL] Updater:351 - Updater called before beeing initialized
2025-08-11 13:41:20,470 [INFO] CADModel:165 - CPN selected for project level
2025-08-11 13:41:20,470 [INFO] CADModel:114 - Register for checkConnection events
2025-08-11 13:41:20,470 [FATAL] Updater:351 - Updater called before beeing initialized
2025-08-11 13:41:20,470 [ERROR] CADModel:125 - Updater not yet initialized, retry later 
2025-08-11 13:41:20,472 [FATAL] Updater:351 - Updater called before beeing initialized
2025-08-11 13:41:20,539 [FATAL] Updater:351 - Updater called before beeing initialized
2025-08-11 13:41:20,542 [INFO] DbMcusAds:53 - JSON generation date=Tue Jul 08 15:14:23 ICT 2025 (1751962463582)
2025-08-11 13:41:20,542 [FATAL] Updater:351 - Updater called before beeing initialized
2025-08-11 13:41:20,564 [WARN] DetailPanel:346 - Failed to get advertising image, set to default
2025-08-11 13:41:20,618 [FATAL] Updater:351 - Updater called before beeing initialized
2025-08-11 13:41:20,619 [FATAL] Updater:351 - Updater called before beeing initialized
2025-08-11 13:41:20,619 [FATAL] Updater:351 - Updater called before beeing initialized
2025-08-11 13:41:20,619 [WARN] DetailPanel:346 - Failed to get advertising image, set to default
2025-08-11 13:41:20,620 [FATAL] Updater:351 - Updater called before beeing initialized
2025-08-11 13:41:20,640 [ERROR] Updater:1198 - MainUpdater not yet initialized. External WinMGr cannot be set.
2025-08-11 13:41:20,641 [INFO] Updater:1134 - Updater Version found : 6.15.0
2025-08-11 13:41:20,651 [INFO] ApplicationProperties:184 - Using Application install path: /home/tuna/st/stm32cubeide_1.18.1/plugins/com.st.stm32cube.common.mx_6.15.0.202507011659
2025-08-11 13:41:21,791 [INFO] MainUpdater:2872 - connection check result : 10
2025-08-11 13:41:21,791 [INFO] MainUpdater:289 - Updater Check For Update Now.
2025-08-11 13:41:21,791 [INFO] MicroXplorer:498 - Change Database Version : DB.6.0.150
2025-08-11 13:41:21,794 [INFO] McuFinderGlobals:63 - Set McuFinder mode to 2 (CubeIDE integrated)
2025-08-11 13:41:21,795 [INFO] UserAuth:487 - Internet connection configuration mode: 1
2025-08-11 13:41:21,801 [INFO] JxBrowserEngine:152 - Initiate JxBrowser Engine with user profile folder
2025-08-11 13:41:21,934 [INFO] CheckServerUpdateThread:120 - End of CheckServer Thread
2025-08-11 13:41:22,257 [INFO] WebApp:169 - Instantiating new browser for Auth
2025-08-11 13:41:22,735 [INFO] WebApp:463 - Apply proxy settings
2025-08-11 13:41:22,736 [INFO] WebApp:548 - Chromium requires no authentication
2025-08-11 13:41:22,740 [INFO] WebApp:491 - Direct internet connection detected
2025-08-11 13:41:22,752 [INFO] WebApp:900 - Register for checkConnection events
2025-08-11 13:41:22,752 [INFO] WebApp:463 - Apply proxy settings
2025-08-11 13:41:22,752 [INFO] WebApp:548 - Chromium requires no authentication
2025-08-11 13:41:22,753 [INFO] WebApp:491 - Direct internet connection detected
2025-08-11 13:41:22,831 [INFO] WebApp:225 - Starting web application
2025-08-11 13:41:22,832 [INFO] WebApp:593 - Web application path used /home/tuna/st/stm32cubeide_1.18.1/plugins/com.st.stm32cube.common.mx_6.15.0.202507011659/db/plugins/mcufinder/reactClient1/index.html
2025-08-11 13:41:22,975 [WARN] PackLoader:240 - Cannot read IP mode file for STMicroelectronics.FP-SNS-MOTENVWB1.1.4.0
2025-08-11 13:41:22,981 [WARN] PackLoader:240 - Cannot read IP mode file for STMicroelectronics.FP-ATR-ASTRA1.2.0.2
2025-08-11 13:41:22,987 [WARN] PackLoader:240 - Cannot read IP mode file for STMicroelectronics.X-CUBE-SMBUS.2.1.0
2025-08-11 13:41:22,990 [WARN] PackLoader:240 - Cannot read IP mode file for STMicroelectronics.X-CUBE-ST60.1.0.0
2025-08-11 13:41:23,020 [WARN] PackLoader:240 - Cannot read IP mode file for STMicroelectronics.X-CUBE-AZRTOS-F7.1.1.0
2025-08-11 13:41:23,049 [WARN] PackLoader:240 - Cannot read IP mode file for Infineon.AIROC-Wi-Fi-Bluetooth-STM32.1.7.1
2025-08-11 13:41:23,080 [WARN] PackLoader:240 - Cannot read IP mode file for STMicroelectronics.X-CUBE-AZRTOS-H7.3.4.0
2025-08-11 13:41:23,091 [WARN] PackLoader:240 - Cannot read IP mode file for STMicroelectronics.X-CUBE-DISPLAY.3.0.0
2025-08-11 13:41:23,104 [WARN] PackLoader:240 - Cannot read IP mode file for STMicroelectronics.X-CUBE-NFC10.1.0.0
2025-08-11 13:41:23,110 [WARN] PackLoader:240 - Cannot read IP mode file for emotas.I-CUBE-CANOPEN.1.3.0
2025-08-11 13:41:23,116 [WARN] PackLoader:240 - Cannot read IP mode file for STMicroelectronics.FP-SNS-STBOX1.2.1.0
2025-08-11 13:41:23,122 [WARN] PackLoader:240 - Cannot read IP mode file for STMicroelectronics.FP-SNS-SMARTAG2.1.2.0
2025-08-11 13:41:23,125 [WARN] PackLoader:240 - Cannot read IP mode file for STMicroelectronics.FP-SNS-FLIGHT1.5.1.0
2025-08-11 13:41:23,133 [INFO] LogOutputStream:77 - [STDOUT_REDIRECT] 1 : Invalid condition id : UX_CORESTACK_Condition cause : null
2025-08-11 13:41:23,134 [INFO] LogOutputStream:77 - [STDOUT_REDIRECT] 1 : Invalid condition id : UX_CORESTACK_Condition cause : null
2025-08-11 13:41:23,134 [INFO] LogOutputStream:77 - [STDOUT_REDIRECT] 1 : Invalid condition id : UX_CORESTACK_Condition cause : null
2025-08-11 13:41:23,134 [INFO] LogOutputStream:77 - [STDOUT_REDIRECT] 1 : Invalid condition id : UX_CORESTACK_Condition cause : null
2025-08-11 13:41:23,134 [INFO] LogOutputStream:77 - [STDOUT_REDIRECT] 1 : Invalid condition id : UX_CORESTACK_Condition cause : null
2025-08-11 13:41:23,137 [WARN] PackLoader:240 - Cannot read IP mode file for STMicroelectronics.X-CUBE-AZRTOS-WL.2.0.0
2025-08-11 13:41:23,142 [WARN] PackLoader:240 - Cannot read IP mode file for STMicroelectronics.FP-SNS-MOTENV1.5.0.0
2025-08-11 13:41:23,148 [WARN] PackLoader:240 - Cannot read IP mode file for WES.I-CUBE-Cesium.1.3.0
2025-08-11 13:41:23,152 [WARN] PackLoader:240 - Cannot read IP mode file for STMicroelectronics.X-CUBE-BLE2.3.3.0
2025-08-11 13:41:23,157 [WARN] PackLoader:240 - Cannot read IP mode file for STMicroelectronics.X-CUBE-NFC9.1.0.0
2025-08-11 13:41:23,162 [WARN] PackLoader:240 - Cannot read IP mode file for wolfSSL.I-CUBE-wolfSSL.5.8.2
2025-08-11 13:41:23,167 [WARN] PackLoader:240 - Cannot read IP mode file for STMicroelectronics.X-CUBE-BLE1.7.1.0
2025-08-11 13:41:23,169 [WARN] PackLoader:240 - Cannot read IP mode file for wolfSSL.I-CUBE-wolfMQTT.1.19.2
2025-08-11 13:41:23,174 [WARN] PackLoader:240 - Cannot read IP mode file for STMicroelectronics.X-CUBE-EEPRMA1.5.2.0
2025-08-11 13:41:23,180 [WARN] PackLoader:240 - Cannot read IP mode file for STMicroelectronics.X-CUBE-AI.10.1.0
2025-08-11 13:41:23,193 [WARN] PackLoader:240 - Cannot read IP mode file for STMicroelectronics.X-CUBE-AZRTOS-G0.1.1.0
2025-08-11 13:41:23,200 [WARN] PackLoader:240 - Cannot read IP mode file for STMicroelectronics.X-CUBE-SAFEA1.1.2.2
2025-08-11 13:41:23,205 [WARN] PackLoader:240 - Cannot read IP mode file for STMicroelectronics.X-CUBE-NFC4.3.0.0
2025-08-11 13:41:23,213 [WARN] PackLoader:240 - Cannot read IP mode file for EmbeddedOffice.I-CUBE-FS-RTOS.1.0.1
2025-08-11 13:41:23,217 [WARN] PackLoader:240 - Cannot read IP mode file for STMicroelectronics.X-CUBE-WB05N.2.0.0
2025-08-11 13:41:23,221 [WARN] PackLoader:240 - Cannot read IP mode file for wolfSSL.I-CUBE-wolfTPM.3.8.0
2025-08-11 13:41:23,234 [WARN] PackLoader:240 - Cannot read IP mode file for STMicroelectronics.X-CUBE-TCPP.4.2.0
2025-08-11 13:41:23,238 [WARN] PackLoader:240 - Cannot read IP mode file for RealThread.X-CUBE-RT-Thread_Nano.4.1.1
2025-08-11 13:41:23,241 [WARN] PackLoader:240 - Cannot read IP mode file for STMicroelectronics.FP-ATR-SIGFOX1.3.2.0
2025-08-11 13:41:23,246 [WARN] PackLoader:240 - Cannot read IP mode file for ITTIA_DB.I-CUBE-ITTIADB.8.9.0
2025-08-11 13:41:23,250 [WARN] PackLoader:240 - Cannot read IP mode file for STMicroelectronics.X-CUBE-ST67W61.1.0.0
2025-08-11 13:41:23,254 [WARN] PackLoader:240 - Cannot read IP mode file for STMicroelectronics.X-CUBE-AI.10.2.0
2025-08-11 13:41:23,278 [WARN] PackLoader:240 - Cannot read IP mode file for SEGGER.I-CUBE-embOS.1.3.1
2025-08-11 13:41:23,323 [WARN] PackLoader:240 - Cannot read IP mode file for STMicroelectronics.X-CUBE-ALGOBUILD.1.4.0
2025-08-11 13:41:23,366 [WARN] PackLoader:240 - Cannot read IP mode file for STMicroelectronics.X-CUBE-MEMS1.11.3.0
2025-08-11 13:41:23,494 [WARN] PackLoader:240 - Cannot read IP mode file for STMicroelectronics.X-CUBE-PM33A1.1.0.0
2025-08-11 13:41:23,510 [WARN] PackLoader:240 - Cannot read IP mode file for STMicroelectronics.X-CUBE-AZRTOS-F4.1.1.0
2025-08-11 13:41:23,516 [WARN] PackLoader:240 - Cannot read IP mode file for Avnet-IotConnect.X-CUBE-IoTC-DA16k-PMOD.1.0.0
2025-08-11 13:41:23,540 [WARN] PackLoader:240 - Cannot read IP mode file for STMicroelectronics.X-CUBE-ISPU.2.1.0
2025-08-11 13:41:23,553 [WARN] PackLoader:240 - Cannot read IP mode file for STMicroelectronics.X-CUBE-NFC12.1.0.0
2025-08-11 13:41:23,570 [WARN] PackLoader:240 - Cannot read IP mode file for STMicroelectronics.X-CUBE-AZRTOS-L5.2.0.0
2025-08-11 13:41:23,579 [WARN] PackLoader:240 - Cannot read IP mode file for STMicroelectronics.X-CUBE-NFC6.3.1.0
2025-08-11 13:41:23,585 [WARN] PackLoader:240 - Cannot read IP mode file for STMicroelectronics.X-CUBE-FREERTOS.1.3.1
2025-08-11 13:41:23,590 [WARN] PackLoader:240 - Cannot read IP mode file for STMicroelectronics.FP-SNS-STAIOTCFT.1.0.0
2025-08-11 13:41:23,594 [WARN] PackLoader:240 - Cannot read IP mode file for STMicroelectronics.X-CUBE-DPower.1.3.0
2025-08-11 13:41:23,609 [WARN] ConditionMgr:438 - getConditionDescription Invalid condition id : LAN8742 Phy interface Condition cause : null
2025-08-11 13:41:23,610 [WARN] PackLoader:240 - Cannot read IP mode file for STMicroelectronics.X-CUBE-AZRTOS-L4.2.0.0
2025-08-11 13:41:23,612 [WARN] ConditionMgr:1044 - genDependencies : Invalid condition id : LAN8742 Phy interface Condition cause : null
2025-08-11 13:41:23,612 [WARN] ConditionMgr:1044 - genDependencies : Invalid condition id : LAN8742 Phy interface Condition cause : null
2025-08-11 13:41:23,612 [WARN] ConditionMgr:1044 - genDependencies : Invalid condition id : LAN8742 Phy interface Condition cause : null
2025-08-11 13:41:23,619 [WARN] PackLoader:240 - Cannot read IP mode file for STMicroelectronics.X-CUBE-SFXS2LP1.4.0.0
2025-08-11 13:41:23,629 [WARN] PackLoader:240 - Cannot read IP mode file for STMicroelectronics.X-CUBE-BLEMGR.4.1.0
2025-08-11 13:41:23,642 [WARN] ConditionMgr:438 - getConditionDescription Invalid condition id : UX DEVICE CLASS RTOS Condition cause : null
2025-08-11 13:41:23,642 [WARN] ConditionMgr:438 - getConditionDescription Invalid condition id : UX DEVICE CLASS RTOS Condition cause : null
2025-08-11 13:41:23,644 [WARN] PackLoader:240 - Cannot read IP mode file for STMicroelectronics.X-CUBE-AZRTOS-WB.2.0.0
2025-08-11 13:41:23,645 [WARN] ConditionMgr:1044 - genDependencies : Invalid condition id : UX DEVICE CLASS RTOS Condition cause : null
2025-08-11 13:41:23,645 [WARN] ConditionMgr:1044 - genDependencies : Invalid condition id : UX DEVICE CLASS RTOS Condition cause : null
2025-08-11 13:41:23,645 [WARN] ConditionMgr:1044 - genDependencies : Invalid condition id : UX DEVICE CLASS RTOS Condition cause : null
2025-08-11 13:41:23,646 [WARN] ConditionMgr:1044 - genDependencies : Invalid condition id : UX DEVICE CLASS RTOS Condition cause : null
2025-08-11 13:41:23,646 [WARN] ConditionMgr:1044 - genDependencies : Invalid condition id : UX DEVICE CLASS RTOS Condition cause : null
2025-08-11 13:41:23,650 [WARN] PackLoader:240 - Cannot read IP mode file for STMicroelectronics.X-CUBE-GNSS1.7.0.1
2025-08-11 13:41:23,654 [WARN] PackLoader:240 - Cannot read IP mode file for STMicroelectronics.X-CUBE-TOUCHGFX.4.25.0
2025-08-11 13:41:23,659 [WARN] PackLoader:240 - Cannot read IP mode file for STMicroelectronics.FP-SNS-STBOX1.2.0.0
2025-08-11 13:41:23,664 [WARN] ConditionMgr:438 - getConditionDescription Invalid condition id : Cortex-A Device cause : null
2025-08-11 13:41:23,678 [WARN] ConditionMgr:1044 - genDependencies : Invalid condition id : Cortex-A Device cause : null
2025-08-11 13:41:23,678 [WARN] ConditionMgr:1044 - genDependencies : Invalid condition id : Cortex-A Device cause : null
2025-08-11 13:41:23,678 [WARN] ConditionMgr:1044 - genDependencies : Invalid condition id : Cortex-A Device cause : null
2025-08-11 13:41:23,686 [WARN] PackLoader:240 - Cannot read IP mode file for STMicroelectronics.X-CUBE-SUBG2.5.0.0
2025-08-11 13:41:23,705 [WARN] PackLoader:240 - Cannot read IP mode file for STMicroelectronics.X-CUBE-AZRTOS-H7RS.1.1.0
2025-08-11 13:41:23,716 [WARN] PackLoader:240 - Cannot read IP mode file for Cesanta.I-CUBE-Mongoose.7.13.0
2025-08-11 13:41:23,726 [WARN] PackLoader:240 - Cannot read IP mode file for STMicroelectronics.X-CUBE-AZRTOS-G4.2.0.0
2025-08-11 13:41:23,729 [WARN] PackLoader:240 - Cannot read IP mode file for wolfSSL.I-CUBE-wolfSSH.1.4.20
2025-08-11 13:41:23,732 [WARN] PackLoader:240 - Cannot read IP mode file for STMicroelectronics.X-CUBE-NFC7.2.0.0
2025-08-11 13:41:23,740 [WARN] PackLoader:240 - Cannot read IP mode file for STMicroelectronics.X-CUBE-IPS.3.1.0
2025-08-11 13:41:23,748 [WARN] PackLoader:240 - Cannot read IP mode file for STMicroelectronics.X-CUBE-ALS.1.0.2
2025-08-11 13:41:23,751 [WARN] PackLoader:240 - Cannot read IP mode file for portGmbH.I-Cube-SoM-uGOAL.1.1.0
2025-08-11 13:41:23,753 [INFO] WebApp:191 - Connection restablished
2025-08-11 13:41:23,758 [WARN] PackLoader:240 - Cannot read IP mode file for STMicroelectronics.X-CUBE-TOF1.3.4.3
2025-08-11 13:41:23,768 [INFO] ThirdParty:978 - Integrity check success = true
2025-08-11 13:41:23,768 [INFO] IntegrityCheckThread:100 - exiting critical section [integrity check]
2025-08-11 13:41:23,768 [INFO] IntegrityCheckThread:103 - End integrity checks thread
2025-08-11 13:41:24,124 [INFO] UserAuth:487 - Internet connection configuration mode: 1
2025-08-11 13:47:05,413 [ERROR] LogOutputStream:75 - [STDERR_REDIRECT] 
