2025-08-14 00:03:32,418 [INFO] LogOutputStream:77 - [STDOUT_REDIRECT] 
2025-08-14 00:53:29,853 [ERROR] LogOutputStream:75 - [STDERR_REDIRECT] 
2025-08-14 22:15:28,029 [INFO] Activator:176 - 


2025-08-14 22:15:28,032 [INFO] Activator:177 - !SESSION log4j initialized
2025-08-14 22:15:31,499 [INFO] LogOutputStream:77 - [STDOUT_REDIRECT] 
2025-08-14 22:15:31,742 [ERROR] ConfigurationRetriever:142 - IOException on connection: sw-center.st.com
2025-08-14 22:15:31,743 [ERROR] ConfigurationRetriever:142 - IOException on connection: sw-center.st.com
2025-08-14 22:15:31,743 [ERROR] ConfigurationRetriever:142 - IOException on connection: sw-center.st.com
2025-08-14 22:15:32,144 [INFO] ApplicationProperties:184 - Using Application install path: /home/tuna/st/stm32cubeide_1.18.1/plugins/com.st.stm32cube.common.mx_6.15.0.202507011659
2025-08-14 22:15:32,158 [INFO] DbMcusXml:78 - Set database path to: /home/tuna/st/stm32cubeide_1.18.1/plugins/com.st.stm32cube.common.mx_6.15.0.202507011659//db//mcu/
2025-08-14 22:15:32,158 [INFO] ApiDb:274 - Set plugin database path to: /home/tuna/st/stm32cubeide_1.18.1/plugins/com.st.stm32cube.common.mx_6.15.0.202507011659//db//plugins/boardmanager/
2025-08-14 22:15:32,158 [WARN] ApiDb:259 - Overriding images path with different value:  => /home/tuna/st/stm32cubeide_1.18.1/plugins/com.st.stm32cube.common.mx_6.15.0.202507011659//db//plugins/mcufinder/images/
2025-08-14 22:15:32,164 [INFO] ApiDb:250 - Set database path to: /home/tuna/.stmcufinder/plugins/mcufinder//mcu/
2025-08-14 22:15:32,165 [INFO] DbMcusAds:125 - Set database path to: /home/tuna/.stmcufinder/plugins/mcufinder//mcu/
2025-08-14 22:15:32,167 [INFO] CrossReferenceDbSqlite:203 - Set database path to: /home/tuna/.stmcufinder/plugins/mcufinder//mcu/cs/
2025-08-14 22:15:32,255 [INFO] RulesReader:64 - Compatibility file has been processed (317 Rules)
2025-08-14 22:15:32,309 [INFO] DbMcusXml:78 - Set database path to: /home/tuna/st/stm32cubeide_1.18.1/plugins/com.st.stm32cube.common.mx_6.15.0.202507011659//db//mcu/
2025-08-14 22:15:32,310 [INFO] ApiDb:274 - Set plugin database path to: /home/tuna/st/stm32cubeide_1.18.1/plugins/com.st.stm32cube.common.mx_6.15.0.202507011659//db//plugins/boardmanager/
2025-08-14 22:15:32,310 [INFO] ApiDb:261 - Set plugin images path to: /home/tuna/st/stm32cubeide_1.18.1/plugins/com.st.stm32cube.common.mx_6.15.0.202507011659//db//plugins/mcufinder/images/
2025-08-14 22:15:32,310 [WARN] DbFile:41 - Overriding database path with different value: /home/tuna/.stmcufinder/plugins/mcufinder/ => /home/tuna/.stmcufinder/plugins/mcufinder
2025-08-14 22:15:32,310 [INFO] ApiDb:250 - Set database path to: /home/tuna/.stmcufinder/plugins/mcufinder//mcu/
2025-08-14 22:15:32,310 [WARN] DbFile:41 - Overriding database path with different value: /home/tuna/.stmcufinder/plugins/mcufinder/ => /home/tuna/.stmcufinder/plugins/mcufinder
2025-08-14 22:15:32,310 [INFO] DbMcusAds:125 - Set database path to: /home/tuna/.stmcufinder/plugins/mcufinder//mcu/
2025-08-14 22:15:32,310 [WARN] DbFile:41 - Overriding database path with different value: /home/tuna/.stmcufinder/plugins/mcufinder/ => /home/tuna/.stmcufinder/plugins/mcufinder
2025-08-14 22:15:32,310 [WARN] DbFile:41 - Overriding database path with different value: /home/tuna/.stmcufinder/plugins/mcufinder/ => /home/tuna/.stmcufinder/plugins/mcufinder
2025-08-14 22:15:32,310 [INFO] CrossReferenceDbSqlite:203 - Set database path to: /home/tuna/.stmcufinder/plugins/mcufinder//mcu/cs/
2025-08-14 22:15:32,369 [INFO] MainPanel:274 - HeapMemory: 268435456
2025-08-14 22:15:32,530 [INFO] DbMcusXml:78 - Set database path to: /home/tuna/st/stm32cubeide_1.18.1/plugins/com.st.stm32cube.common.mx_6.15.0.202507011659//db//mcu/
2025-08-14 22:15:32,530 [INFO] ApiDb:274 - Set plugin database path to: /home/tuna/st/stm32cubeide_1.18.1/plugins/com.st.stm32cube.common.mx_6.15.0.202507011659//db//plugins/boardmanager/
2025-08-14 22:15:32,530 [INFO] ApiDb:261 - Set plugin images path to: /home/tuna/st/stm32cubeide_1.18.1/plugins/com.st.stm32cube.common.mx_6.15.0.202507011659//db//plugins/mcufinder/images/
2025-08-14 22:15:32,531 [WARN] DbFile:41 - Overriding database path with different value: /home/tuna/.stmcufinder/plugins/mcufinder/ => /home/tuna/.stmcufinder/plugins/mcufinder
2025-08-14 22:15:32,531 [INFO] ApiDb:250 - Set database path to: /home/tuna/.stmcufinder/plugins/mcufinder//mcu/
2025-08-14 22:15:32,531 [WARN] DbFile:41 - Overriding database path with different value: /home/tuna/.stmcufinder/plugins/mcufinder/ => /home/tuna/.stmcufinder/plugins/mcufinder
2025-08-14 22:15:32,531 [INFO] DbMcusAds:125 - Set database path to: /home/tuna/.stmcufinder/plugins/mcufinder//mcu/
2025-08-14 22:15:32,531 [WARN] DbFile:41 - Overriding database path with different value: /home/tuna/.stmcufinder/plugins/mcufinder/ => /home/tuna/.stmcufinder/plugins/mcufinder
2025-08-14 22:15:32,531 [WARN] DbFile:41 - Overriding database path with different value: /home/tuna/.stmcufinder/plugins/mcufinder/ => /home/tuna/.stmcufinder/plugins/mcufinder
2025-08-14 22:15:32,531 [INFO] CrossReferenceDbSqlite:203 - Set database path to: /home/tuna/.stmcufinder/plugins/mcufinder//mcu/cs/
2025-08-14 22:15:32,541 [INFO] ApplicationProperties:184 - Using Application install path: /home/tuna/st/stm32cubeide_1.18.1/plugins/com.st.stm32cube.common.mx_6.15.0.202507011659
2025-08-14 22:15:32,542 [INFO] PluginManage:196 - Search for loadable plugins [exclusion list=, ]
2025-08-14 22:15:32,543 [INFO] PluginManage:310 - Check plugin analytics
2025-08-14 22:15:32,648 [INFO] AnalyticsPlugin:253 - Accepted Software Licenses: STM32CubeMX.6.15.0
2025-08-14 22:15:32,648 [INFO] AnalyticsPlugin:255 - Accepted CMSIS Pack Licenses: 
2025-08-14 22:15:32,648 [INFO] AnalyticsPlugin:257 - Accepted Firmware Licenses: FW.G4.1.6.0,FW.F4.1.28.0
2025-08-14 22:15:32,649 [INFO] PluginManage:359 - Loaded plugin analytics (category:tool,tabindex:-1)
2025-08-14 22:15:32,650 [INFO] PluginManage:310 - Check plugin cadmodel
2025-08-14 22:15:32,650 [ERROR] ConfigurationRetriever:142 - IOException on connection: sw-center.st.com
2025-08-14 22:15:32,651 [ERROR] ConfigurationRetriever:142 - IOException on connection: sw-center.st.com
2025-08-14 22:15:32,651 [ERROR] ConfigurationRetriever:142 - IOException on connection: sw-center.st.com
2025-08-14 22:15:32,653 [INFO] CADModel:105 - Init CAD model plugin
2025-08-14 22:15:32,653 [INFO] PluginManage:359 - Loaded plugin cadmodel (category:power,tabindex:5)
2025-08-14 22:15:32,653 [INFO] PluginManage:310 - Check plugin clock
2025-08-14 22:15:32,665 [INFO] PluginManage:359 - Loaded plugin clock (category:base,tabindex:2)
2025-08-14 22:15:32,665 [INFO] PluginManage:310 - Check plugin ddr
2025-08-14 22:15:32,667 [INFO] PluginManage:359 - Loaded plugin ddr (category:tool,tabindex:6)
2025-08-14 22:15:32,667 [INFO] PluginManage:310 - Check plugin filemanager
2025-08-14 22:15:32,769 [INFO] PluginManage:359 - Loaded plugin filemanager (category:base,tabindex:10)
2025-08-14 22:15:32,769 [INFO] PluginManage:310 - Check plugin ipmanager
2025-08-14 22:15:32,773 [INFO] PluginManage:359 - Loaded plugin ipmanager (category:base,tabindex:5)
2025-08-14 22:15:32,774 [INFO] PluginManage:310 - Check plugin lpbam
2025-08-14 22:15:32,780 [INFO] PluginManage:359 - Loaded plugin lpbam (category:base,tabindex:0)
2025-08-14 22:15:32,780 [INFO] PluginManage:310 - Check plugin memorymap
2025-08-14 22:15:32,788 [INFO] PluginManage:359 - Loaded plugin memorymap (category:base,tabindex:4)
2025-08-14 22:15:32,788 [INFO] PluginManage:310 - Check plugin pinoutandconfiguration
2025-08-14 22:15:32,794 [INFO] PluginManage:359 - Loaded plugin pinoutandconfiguration (category:base,tabindex:1)
2025-08-14 22:15:32,794 [INFO] PluginManage:310 - Check plugin pinoutconfig
2025-08-14 22:15:32,845 [WARN] SupportedApi:132 - Cannot load RTOS API schema: s4s-elt-must-match.1: The content of 'definitions' must match (annotation?, (simpleType | complexType)?, (unique | key | keyref)*)). A problem was found starting at: attribute.
2025-08-14 22:15:32,934 [INFO] PluginManage:359 - Loaded plugin pinoutconfig (category:base,tabindex:0)
2025-08-14 22:15:32,934 [INFO] PluginManage:310 - Check plugin power
2025-08-14 22:15:32,941 [INFO] PluginManage:359 - Loaded plugin power (category:power,tabindex:4)
2025-08-14 22:15:32,942 [INFO] PluginManage:310 - Check plugin projectmanager
2025-08-14 22:15:32,955 [INFO] PluginManage:359 - Loaded plugin projectmanager (category:projectmanager,tabindex:4)
2025-08-14 22:15:32,955 [INFO] PluginManage:310 - Check plugin rif
2025-08-14 22:15:32,962 [INFO] PluginManage:359 - Loaded plugin rif (category:base,tabindex:3)
2025-08-14 22:15:32,962 [INFO] PluginManage:310 - Check plugin thirdparty
2025-08-14 22:15:33,045 [INFO] PluginManage:359 - Loaded plugin thirdparty (category:base,tabindex:-1)
2025-08-14 22:15:33,045 [INFO] PluginManage:310 - Check plugin tools
2025-08-14 22:15:33,045 [WARN] IntegrityCheckThread:84 - waiting for thirdparty lock release [integrity check]
2025-08-14 22:15:33,045 [INFO] IntegrityCheckThread:86 - entering critical section [integrity check]
2025-08-14 22:15:33,046 [INFO] ThirdPartyUpdaterWithRetryManager:70 - Updater plugin not ready yet. [1/15]
2025-08-14 22:15:33,047 [INFO] PluginManage:359 - Loaded plugin tools (category:base,tabindex:7)
2025-08-14 22:15:33,047 [INFO] PluginManage:310 - Check plugin tutovideos
2025-08-14 22:15:33,186 [INFO] PluginManage:359 - Loaded plugin tutovideos (category:base,tabindex:-1)
2025-08-14 22:15:33,186 [INFO] PluginManage:310 - Check plugin updater
2025-08-14 22:15:33,202 [INFO] PluginManage:359 - Loaded plugin updater (category:base,tabindex:12)
2025-08-14 22:15:33,202 [INFO] PluginManage:310 - Check plugin userauth
2025-08-14 22:15:33,205 [INFO] UserAuth:118 - Init User Auth plugin
2025-08-14 22:15:33,205 [INFO] PluginManage:359 - Loaded plugin userauth (category:base,tabindex:14)
2025-08-14 22:15:33,206 [INFO] PluginManage:283 - PluginManage : Loaded plugins [18]
2025-08-14 22:15:33,333 [INFO] PinOutPanel:1589 - setPackage(No Configuration,No Configuration)
2025-08-14 22:15:33,377 [INFO] CADModel:165 - CPN selected for project level
2025-08-14 22:15:33,378 [INFO] CADModel:114 - Register for checkConnection events
2025-08-14 22:15:33,387 [INFO] IPUIPlugin:80 - create IPUIPlugin
2025-08-14 22:15:33,387 [INFO] PluginManager:220 - loadIPPluginJar : add ddr_ctrl_phy
2025-08-14 22:15:33,389 [INFO] IPUIPlugin:80 - create IPUIPlugin
2025-08-14 22:15:33,389 [INFO] PluginManager:220 - loadIPPluginJar : add aes
2025-08-14 22:15:33,393 [INFO] IPUIPlugin:80 - create IPUIPlugin
2025-08-14 22:15:33,393 [INFO] PluginManager:220 - loadIPPluginJar : add gic
2025-08-14 22:15:33,396 [INFO] IPUIPlugin:80 - create IPUIPlugin
2025-08-14 22:15:33,396 [INFO] PluginManager:220 - loadIPPluginJar : add resmgrutility
2025-08-14 22:15:33,398 [INFO] IPUIPlugin:80 - create IPUIPlugin
2025-08-14 22:15:33,398 [INFO] PluginManager:220 - loadIPPluginJar : add dma3
2025-08-14 22:15:33,399 [INFO] IPUIPlugin:80 - create IPUIPlugin
2025-08-14 22:15:33,399 [INFO] PluginManager:220 - loadIPPluginJar : add spi
2025-08-14 22:15:33,403 [INFO] IPUIPlugin:80 - create IPUIPlugin
2025-08-14 22:15:33,404 [INFO] PluginManager:220 - loadIPPluginJar : add plateformsettings
2025-08-14 22:15:33,406 [INFO] IPUIPlugin:80 - create IPUIPlugin
2025-08-14 22:15:33,406 [INFO] PluginManager:220 - loadIPPluginJar : add gtzc
2025-08-14 22:15:33,410 [INFO] IPUIPlugin:80 - create IPUIPlugin
2025-08-14 22:15:33,410 [INFO] PluginManager:220 - loadIPPluginJar : add freertos
2025-08-14 22:15:33,412 [INFO] IPUIPlugin:80 - create IPUIPlugin
2025-08-14 22:15:33,412 [INFO] PluginManager:220 - loadIPPluginJar : add fmc
2025-08-14 22:15:33,413 [INFO] IPUIPlugin:80 - create IPUIPlugin
2025-08-14 22:15:33,413 [INFO] PluginManager:220 - loadIPPluginJar : add quadspi
2025-08-14 22:15:33,414 [INFO] IPUIPlugin:80 - create IPUIPlugin
2025-08-14 22:15:33,414 [INFO] PluginManager:220 - loadIPPluginJar : add radio
2025-08-14 22:15:33,415 [INFO] IPUIPlugin:80 - create IPUIPlugin
2025-08-14 22:15:33,415 [INFO] PluginManager:220 - loadIPPluginJar : add fatfs
2025-08-14 22:15:33,418 [INFO] IPUIPlugin:80 - create IPUIPlugin
2025-08-14 22:15:33,418 [INFO] PluginManager:220 - loadIPPluginJar : add mdma
2025-08-14 22:15:33,419 [INFO] IPUIPlugin:80 - create IPUIPlugin
2025-08-14 22:15:33,419 [INFO] PluginManager:220 - loadIPPluginJar : add ltdc
2025-08-14 22:15:33,422 [INFO] IPUIPlugin:80 - create IPUIPlugin
2025-08-14 22:15:33,422 [INFO] PluginManager:220 - loadIPPluginJar : add gpio
2025-08-14 22:15:33,423 [INFO] IPUIPlugin:80 - create IPUIPlugin
2025-08-14 22:15:33,423 [INFO] PluginManager:220 - loadIPPluginJar : add opamp
2025-08-14 22:15:33,424 [INFO] IPUIPlugin:80 - create IPUIPlugin
2025-08-14 22:15:33,424 [INFO] PluginManager:220 - loadIPPluginJar : add usart
2025-08-14 22:15:33,426 [INFO] IPUIPlugin:80 - create IPUIPlugin
2025-08-14 22:15:33,426 [INFO] PluginManager:220 - loadIPPluginJar : add usbx
2025-08-14 22:15:33,427 [INFO] IPUIPlugin:80 - create IPUIPlugin
2025-08-14 22:15:33,427 [INFO] PluginManager:220 - loadIPPluginJar : add tim
2025-08-14 22:15:33,428 [INFO] IPUIPlugin:80 - create IPUIPlugin
2025-08-14 22:15:33,429 [INFO] PluginManager:220 - loadIPPluginJar : add lorawan
2025-08-14 22:15:33,430 [INFO] IPUIPlugin:80 - create IPUIPlugin
2025-08-14 22:15:33,430 [INFO] PluginManager:220 - loadIPPluginJar : add i2s
2025-08-14 22:15:33,434 [INFO] IPUIPlugin:80 - create IPUIPlugin
2025-08-14 22:15:33,435 [INFO] PluginManager:220 - loadIPPluginJar : add adc
2025-08-14 22:15:33,436 [INFO] IPUIPlugin:80 - create IPUIPlugin
2025-08-14 22:15:33,436 [INFO] PluginManager:220 - loadIPPluginJar : add extmemmanager
2025-08-14 22:15:33,437 [INFO] IPUIPlugin:80 - create IPUIPlugin
2025-08-14 22:15:33,437 [INFO] PluginManager:220 - loadIPPluginJar : add comp
2025-08-14 22:15:33,438 [INFO] IPUIPlugin:80 - create IPUIPlugin
2025-08-14 22:15:33,438 [INFO] PluginManager:220 - loadIPPluginJar : add genericplugin
2025-08-14 22:15:33,439 [INFO] IPUIPlugin:80 - create IPUIPlugin
2025-08-14 22:15:33,439 [INFO] PluginManager:220 - loadIPPluginJar : add ts
2025-08-14 22:15:33,440 [INFO] IPUIPlugin:80 - create IPUIPlugin
2025-08-14 22:15:33,440 [INFO] PluginManager:220 - loadIPPluginJar : add ucpd
2025-08-14 22:15:33,441 [INFO] IPUIPlugin:80 - create IPUIPlugin
2025-08-14 22:15:33,441 [INFO] PluginManager:220 - loadIPPluginJar : add can
2025-08-14 22:15:33,442 [INFO] IPUIPlugin:80 - create IPUIPlugin
2025-08-14 22:15:33,443 [INFO] PluginManager:220 - loadIPPluginJar : add touchsensing
2025-08-14 22:15:33,444 [INFO] IPUIPlugin:80 - create IPUIPlugin
2025-08-14 22:15:33,444 [INFO] PluginManager:220 - loadIPPluginJar : add tracer_emb
2025-08-14 22:15:33,448 [INFO] IPUIPlugin:80 - create IPUIPlugin
2025-08-14 22:15:33,448 [INFO] PluginManager:220 - loadIPPluginJar : add stm32_wpan
2025-08-14 22:15:33,449 [INFO] IPUIPlugin:80 - create IPUIPlugin
2025-08-14 22:15:33,449 [INFO] PluginManager:220 - loadIPPluginJar : add tsc
2025-08-14 22:15:33,450 [INFO] IPUIPlugin:80 - create IPUIPlugin
2025-08-14 22:15:33,451 [INFO] PluginManager:220 - loadIPPluginJar : add gfxmmu
2025-08-14 22:15:33,453 [INFO] IPUIPlugin:80 - create IPUIPlugin
2025-08-14 22:15:33,453 [INFO] PluginManager:220 - loadIPPluginJar : add ipddr
2025-08-14 22:15:33,454 [INFO] IPUIPlugin:80 - create IPUIPlugin
2025-08-14 22:15:33,454 [INFO] PluginManager:220 - loadIPPluginJar : add i2c
2025-08-14 22:15:33,456 [INFO] IPUIPlugin:80 - create IPUIPlugin
2025-08-14 22:15:33,456 [INFO] PluginManager:220 - loadIPPluginJar : add nvic
2025-08-14 22:15:33,458 [INFO] IPUIPlugin:80 - create IPUIPlugin
2025-08-14 22:15:33,458 [INFO] PluginManager:220 - loadIPPluginJar : add i3c
2025-08-14 22:15:33,459 [INFO] IPUIPlugin:80 - create IPUIPlugin
2025-08-14 22:15:33,459 [INFO] PluginManager:220 - loadIPPluginJar : add dfsdm
2025-08-14 22:15:33,460 [INFO] IPUIPlugin:80 - create IPUIPlugin
2025-08-14 22:15:33,460 [INFO] PluginManager:220 - loadIPPluginJar : add pdm2pcm
2025-08-14 22:15:33,462 [INFO] IPUIPlugin:80 - create IPUIPlugin
2025-08-14 22:15:33,462 [INFO] PluginManager:220 - loadIPPluginJar : add openamp
2025-08-14 22:15:33,465 [INFO] IPUIPlugin:80 - create IPUIPlugin
2025-08-14 22:15:33,465 [INFO] PluginManager:220 - loadIPPluginJar : add dma
2025-08-14 22:15:33,467 [INFO] IPUIPlugin:80 - create IPUIPlugin
2025-08-14 22:15:33,467 [INFO] PluginManager:220 - loadIPPluginJar : add sai
2025-08-14 22:15:33,468 [INFO] IPUIPlugin:80 - create IPUIPlugin
2025-08-14 22:15:33,468 [INFO] PluginManager:220 - loadIPPluginJar : add hash
2025-08-14 22:15:33,472 [INFO] IPUIPlugin:80 - create IPUIPlugin
2025-08-14 22:15:33,472 [INFO] PluginManager:220 - loadIPPluginJar : add linkedlist
2025-08-14 22:15:33,473 [INFO] IPUIPlugin:80 - create IPUIPlugin
2025-08-14 22:15:33,473 [INFO] PluginManager:220 - loadIPPluginJar : add cryp
2025-08-14 22:15:33,565 [FATAL] Updater:351 - Updater called before beeing initialized
2025-08-14 22:15:33,582 [INFO] RulesReader:64 - Compatibility file has been processed (317 Rules)
2025-08-14 22:15:33,592 [INFO] RulesReader:64 - Compatibility file has been processed (317 Rules)
2025-08-14 22:15:33,598 [INFO] CADModel:165 - CPN selected for project level
2025-08-14 22:15:33,598 [INFO] CADModel:114 - Register for checkConnection events
2025-08-14 22:15:33,598 [FATAL] Updater:351 - Updater called before beeing initialized
2025-08-14 22:15:33,598 [ERROR] CADModel:125 - Updater not yet initialized, retry later 
2025-08-14 22:15:33,682 [FATAL] Updater:351 - Updater called before beeing initialized
2025-08-14 22:15:33,683 [INFO] CADModel:165 - CPN selected for project level
2025-08-14 22:15:33,683 [INFO] CADModel:114 - Register for checkConnection events
2025-08-14 22:15:33,684 [FATAL] Updater:351 - Updater called before beeing initialized
2025-08-14 22:15:33,684 [ERROR] CADModel:125 - Updater not yet initialized, retry later 
2025-08-14 22:15:33,685 [FATAL] Updater:351 - Updater called before beeing initialized
2025-08-14 22:15:33,745 [FATAL] Updater:351 - Updater called before beeing initialized
2025-08-14 22:15:33,747 [INFO] DbMcusAds:53 - JSON generation date=Tue Jul 08 15:14:23 ICT 2025 (1751962463582)
2025-08-14 22:15:33,747 [FATAL] Updater:351 - Updater called before beeing initialized
2025-08-14 22:15:33,771 [WARN] DetailPanel:346 - Failed to get advertising image, set to default
2025-08-14 22:15:33,821 [FATAL] Updater:351 - Updater called before beeing initialized
2025-08-14 22:15:33,823 [FATAL] Updater:351 - Updater called before beeing initialized
2025-08-14 22:15:33,823 [FATAL] Updater:351 - Updater called before beeing initialized
2025-08-14 22:15:33,823 [WARN] DetailPanel:346 - Failed to get advertising image, set to default
2025-08-14 22:15:33,823 [FATAL] Updater:351 - Updater called before beeing initialized
2025-08-14 22:15:33,845 [ERROR] Updater:1198 - MainUpdater not yet initialized. External WinMGr cannot be set.
2025-08-14 22:15:33,846 [INFO] Updater:1134 - Updater Version found : 6.15.0
2025-08-14 22:15:33,859 [INFO] ApplicationProperties:184 - Using Application install path: /home/tuna/st/stm32cubeide_1.18.1/plugins/com.st.stm32cube.common.mx_6.15.0.202507011659
2025-08-14 22:15:34,005 [INFO] MainUpdater:2872 - connection check result : 22
2025-08-14 22:15:34,005 [INFO] MainUpdater:289 - Updater Check For Update Now.
2025-08-14 22:15:34,005 [INFO] MicroXplorer:498 - Change Database Version : DB.6.0.150
2025-08-14 22:15:34,009 [INFO] McuFinderGlobals:63 - Set McuFinder mode to 2 (CubeIDE integrated)
2025-08-14 22:15:34,010 [INFO] UserAuth:487 - Internet connection configuration mode: 2
2025-08-14 22:15:34,015 [INFO] UserAuth:487 - Internet connection configuration mode: 2
2025-08-14 22:15:34,156 [INFO] CheckServerUpdateThread:120 - End of CheckServer Thread
2025-08-14 22:15:36,282 [WARN] PackLoader:240 - Cannot read IP mode file for STMicroelectronics.FP-SNS-MOTENVWB1.1.4.0
2025-08-14 22:15:36,293 [WARN] PackLoader:240 - Cannot read IP mode file for STMicroelectronics.FP-ATR-ASTRA1.2.0.2
2025-08-14 22:15:36,302 [WARN] PackLoader:240 - Cannot read IP mode file for STMicroelectronics.X-CUBE-SMBUS.2.1.0
2025-08-14 22:15:36,308 [WARN] PackLoader:240 - Cannot read IP mode file for STMicroelectronics.X-CUBE-ST60.1.0.0
2025-08-14 22:15:36,351 [WARN] PackLoader:240 - Cannot read IP mode file for STMicroelectronics.X-CUBE-AZRTOS-F7.1.1.0
2025-08-14 22:15:36,394 [WARN] PackLoader:240 - Cannot read IP mode file for Infineon.AIROC-Wi-Fi-Bluetooth-STM32.1.7.1
2025-08-14 22:15:36,437 [WARN] PackLoader:240 - Cannot read IP mode file for STMicroelectronics.X-CUBE-AZRTOS-H7.3.4.0
2025-08-14 22:15:36,458 [WARN] PackLoader:240 - Cannot read IP mode file for STMicroelectronics.X-CUBE-DISPLAY.3.0.0
2025-08-14 22:15:36,477 [WARN] PackLoader:240 - Cannot read IP mode file for STMicroelectronics.X-CUBE-NFC10.1.0.0
2025-08-14 22:15:36,486 [WARN] PackLoader:240 - Cannot read IP mode file for emotas.I-CUBE-CANOPEN.1.3.0
2025-08-14 22:15:36,495 [WARN] PackLoader:240 - Cannot read IP mode file for STMicroelectronics.FP-SNS-STBOX1.2.1.0
2025-08-14 22:15:36,503 [WARN] PackLoader:240 - Cannot read IP mode file for STMicroelectronics.FP-SNS-SMARTAG2.1.2.0
2025-08-14 22:15:36,507 [WARN] PackLoader:240 - Cannot read IP mode file for STMicroelectronics.FP-SNS-FLIGHT1.5.1.0
2025-08-14 22:15:36,518 [INFO] LogOutputStream:77 - [STDOUT_REDIRECT] 1 : Invalid condition id : UX_CORESTACK_Condition cause : null
2025-08-14 22:15:36,519 [INFO] LogOutputStream:77 - [STDOUT_REDIRECT] 1 : Invalid condition id : UX_CORESTACK_Condition cause : null
2025-08-14 22:15:36,520 [INFO] LogOutputStream:77 - [STDOUT_REDIRECT] 1 : Invalid condition id : UX_CORESTACK_Condition cause : null
2025-08-14 22:15:36,520 [INFO] LogOutputStream:77 - [STDOUT_REDIRECT] 1 : Invalid condition id : UX_CORESTACK_Condition cause : null
2025-08-14 22:15:36,520 [INFO] LogOutputStream:77 - [STDOUT_REDIRECT] 1 : Invalid condition id : UX_CORESTACK_Condition cause : null
2025-08-14 22:15:36,525 [WARN] PackLoader:240 - Cannot read IP mode file for STMicroelectronics.X-CUBE-AZRTOS-WL.2.0.0
2025-08-14 22:15:36,531 [WARN] PackLoader:240 - Cannot read IP mode file for STMicroelectronics.FP-SNS-MOTENV1.5.0.0
2025-08-14 22:15:36,560 [WARN] PackLoader:240 - Cannot read IP mode file for WES.I-CUBE-Cesium.1.3.0
2025-08-14 22:15:36,569 [WARN] PackLoader:240 - Cannot read IP mode file for STMicroelectronics.X-CUBE-BLE2.3.3.0
2025-08-14 22:15:36,581 [WARN] PackLoader:240 - Cannot read IP mode file for STMicroelectronics.X-CUBE-NFC9.1.0.0
2025-08-14 22:15:36,593 [WARN] PackLoader:240 - Cannot read IP mode file for wolfSSL.I-CUBE-wolfSSL.5.8.2
2025-08-14 22:15:36,601 [WARN] PackLoader:240 - Cannot read IP mode file for STMicroelectronics.X-CUBE-BLE1.7.1.0
2025-08-14 22:15:36,607 [WARN] PackLoader:240 - Cannot read IP mode file for wolfSSL.I-CUBE-wolfMQTT.1.19.2
2025-08-14 22:15:36,616 [WARN] PackLoader:240 - Cannot read IP mode file for STMicroelectronics.X-CUBE-EEPRMA1.5.2.0
2025-08-14 22:15:36,650 [WARN] PackLoader:240 - Cannot read IP mode file for STMicroelectronics.X-CUBE-AI.10.1.0
2025-08-14 22:15:36,668 [WARN] PackLoader:240 - Cannot read IP mode file for STMicroelectronics.X-CUBE-AZRTOS-G0.1.1.0
2025-08-14 22:15:36,680 [WARN] PackLoader:240 - Cannot read IP mode file for STMicroelectronics.X-CUBE-SAFEA1.1.2.2
2025-08-14 22:15:36,690 [WARN] PackLoader:240 - Cannot read IP mode file for STMicroelectronics.X-CUBE-NFC4.3.0.0
2025-08-14 22:15:36,707 [WARN] PackLoader:240 - Cannot read IP mode file for EmbeddedOffice.I-CUBE-FS-RTOS.1.0.1
2025-08-14 22:15:36,715 [WARN] PackLoader:240 - Cannot read IP mode file for STMicroelectronics.X-CUBE-WB05N.2.0.0
2025-08-14 22:15:36,720 [WARN] PackLoader:240 - Cannot read IP mode file for wolfSSL.I-CUBE-wolfTPM.3.8.0
2025-08-14 22:15:36,726 [WARN] PackLoader:240 - Cannot read IP mode file for STMicroelectronics.X-CUBE-TCPP.4.2.0
2025-08-14 22:15:36,733 [WARN] PackLoader:240 - Cannot read IP mode file for RealThread.X-CUBE-RT-Thread_Nano.4.1.1
2025-08-14 22:15:36,737 [WARN] PackLoader:240 - Cannot read IP mode file for STMicroelectronics.FP-ATR-SIGFOX1.3.2.0
2025-08-14 22:15:36,744 [WARN] PackLoader:240 - Cannot read IP mode file for ITTIA_DB.I-CUBE-ITTIADB.8.9.0
2025-08-14 22:15:36,751 [WARN] PackLoader:240 - Cannot read IP mode file for STMicroelectronics.X-CUBE-ST67W61.1.0.0
2025-08-14 22:15:36,756 [WARN] PackLoader:240 - Cannot read IP mode file for STMicroelectronics.X-CUBE-AI.10.2.0
2025-08-14 22:15:36,788 [WARN] PackLoader:240 - Cannot read IP mode file for SEGGER.I-CUBE-embOS.1.3.1
2025-08-14 22:15:36,840 [WARN] PackLoader:240 - Cannot read IP mode file for STMicroelectronics.X-CUBE-ALGOBUILD.1.4.0
2025-08-14 22:15:36,906 [WARN] PackLoader:240 - Cannot read IP mode file for STMicroelectronics.X-CUBE-MEMS1.11.3.0
2025-08-14 22:15:37,056 [WARN] PackLoader:240 - Cannot read IP mode file for STMicroelectronics.X-CUBE-PM33A1.1.0.0
2025-08-14 22:15:37,075 [WARN] PackLoader:240 - Cannot read IP mode file for STMicroelectronics.X-CUBE-AZRTOS-F4.1.1.0
2025-08-14 22:15:37,081 [WARN] PackLoader:240 - Cannot read IP mode file for Avnet-IotConnect.X-CUBE-IoTC-DA16k-PMOD.1.0.0
2025-08-14 22:15:37,085 [WARN] PackLoader:240 - Cannot read IP mode file for STMicroelectronics.X-CUBE-ISPU.2.1.0
2025-08-14 22:15:37,093 [WARN] PackLoader:240 - Cannot read IP mode file for STMicroelectronics.X-CUBE-NFC12.1.0.0
2025-08-14 22:15:37,121 [WARN] PackLoader:240 - Cannot read IP mode file for STMicroelectronics.X-CUBE-AZRTOS-L5.2.0.0
2025-08-14 22:15:37,133 [WARN] PackLoader:240 - Cannot read IP mode file for STMicroelectronics.X-CUBE-NFC6.3.1.0
2025-08-14 22:15:37,141 [WARN] PackLoader:240 - Cannot read IP mode file for STMicroelectronics.X-CUBE-FREERTOS.1.3.1
2025-08-14 22:15:37,147 [WARN] PackLoader:240 - Cannot read IP mode file for STMicroelectronics.FP-SNS-STAIOTCFT.1.0.0
2025-08-14 22:15:37,153 [WARN] PackLoader:240 - Cannot read IP mode file for STMicroelectronics.X-CUBE-DPower.1.3.0
2025-08-14 22:15:37,172 [WARN] ConditionMgr:438 - getConditionDescription Invalid condition id : LAN8742 Phy interface Condition cause : null
2025-08-14 22:15:37,173 [WARN] PackLoader:240 - Cannot read IP mode file for STMicroelectronics.X-CUBE-AZRTOS-L4.2.0.0
2025-08-14 22:15:37,175 [WARN] ConditionMgr:1044 - genDependencies : Invalid condition id : LAN8742 Phy interface Condition cause : null
2025-08-14 22:15:37,176 [WARN] ConditionMgr:1044 - genDependencies : Invalid condition id : LAN8742 Phy interface Condition cause : null
2025-08-14 22:15:37,176 [WARN] ConditionMgr:1044 - genDependencies : Invalid condition id : LAN8742 Phy interface Condition cause : null
2025-08-14 22:15:37,185 [WARN] PackLoader:240 - Cannot read IP mode file for STMicroelectronics.X-CUBE-SFXS2LP1.4.0.0
2025-08-14 22:15:37,197 [WARN] PackLoader:240 - Cannot read IP mode file for STMicroelectronics.X-CUBE-BLEMGR.4.1.0
2025-08-14 22:15:37,215 [WARN] ConditionMgr:438 - getConditionDescription Invalid condition id : UX DEVICE CLASS RTOS Condition cause : null
2025-08-14 22:15:37,215 [WARN] ConditionMgr:438 - getConditionDescription Invalid condition id : UX DEVICE CLASS RTOS Condition cause : null
2025-08-14 22:15:37,217 [WARN] PackLoader:240 - Cannot read IP mode file for STMicroelectronics.X-CUBE-AZRTOS-WB.2.0.0
2025-08-14 22:15:37,218 [WARN] ConditionMgr:1044 - genDependencies : Invalid condition id : UX DEVICE CLASS RTOS Condition cause : null
2025-08-14 22:15:37,218 [WARN] ConditionMgr:1044 - genDependencies : Invalid condition id : UX DEVICE CLASS RTOS Condition cause : null
2025-08-14 22:15:37,219 [WARN] ConditionMgr:1044 - genDependencies : Invalid condition id : UX DEVICE CLASS RTOS Condition cause : null
2025-08-14 22:15:37,219 [WARN] ConditionMgr:1044 - genDependencies : Invalid condition id : UX DEVICE CLASS RTOS Condition cause : null
2025-08-14 22:15:37,219 [WARN] ConditionMgr:1044 - genDependencies : Invalid condition id : UX DEVICE CLASS RTOS Condition cause : null
2025-08-14 22:15:37,225 [WARN] PackLoader:240 - Cannot read IP mode file for STMicroelectronics.X-CUBE-GNSS1.7.0.1
2025-08-14 22:15:37,231 [WARN] PackLoader:240 - Cannot read IP mode file for STMicroelectronics.X-CUBE-TOUCHGFX.4.25.0
2025-08-14 22:15:37,236 [WARN] PackLoader:240 - Cannot read IP mode file for STMicroelectronics.FP-SNS-STBOX1.2.0.0
2025-08-14 22:15:37,243 [WARN] ConditionMgr:438 - getConditionDescription Invalid condition id : Cortex-A Device cause : null
2025-08-14 22:15:37,258 [WARN] ConditionMgr:1044 - genDependencies : Invalid condition id : Cortex-A Device cause : null
2025-08-14 22:15:37,258 [WARN] ConditionMgr:1044 - genDependencies : Invalid condition id : Cortex-A Device cause : null
2025-08-14 22:15:37,258 [WARN] ConditionMgr:1044 - genDependencies : Invalid condition id : Cortex-A Device cause : null
2025-08-14 22:15:37,268 [WARN] PackLoader:240 - Cannot read IP mode file for STMicroelectronics.X-CUBE-SUBG2.5.0.0
2025-08-14 22:15:37,293 [WARN] PackLoader:240 - Cannot read IP mode file for STMicroelectronics.X-CUBE-AZRTOS-H7RS.1.1.0
2025-08-14 22:15:37,300 [WARN] PackLoader:240 - Cannot read IP mode file for Cesanta.I-CUBE-Mongoose.7.13.0
2025-08-14 22:15:37,314 [WARN] PackLoader:240 - Cannot read IP mode file for STMicroelectronics.X-CUBE-AZRTOS-G4.2.0.0
2025-08-14 22:15:37,320 [WARN] PackLoader:240 - Cannot read IP mode file for wolfSSL.I-CUBE-wolfSSH.1.4.20
2025-08-14 22:15:37,324 [WARN] PackLoader:240 - Cannot read IP mode file for STMicroelectronics.X-CUBE-NFC7.2.0.0
2025-08-14 22:15:37,337 [WARN] PackLoader:240 - Cannot read IP mode file for STMicroelectronics.X-CUBE-IPS.3.1.0
2025-08-14 22:15:37,347 [WARN] PackLoader:240 - Cannot read IP mode file for STMicroelectronics.X-CUBE-ALS.1.0.2
2025-08-14 22:15:37,352 [WARN] PackLoader:240 - Cannot read IP mode file for portGmbH.I-Cube-SoM-uGOAL.1.1.0
2025-08-14 22:15:37,363 [WARN] PackLoader:240 - Cannot read IP mode file for STMicroelectronics.X-CUBE-TOF1.3.4.3
2025-08-14 22:15:37,376 [INFO] ThirdParty:978 - Integrity check success = true
2025-08-14 22:15:37,376 [INFO] IntegrityCheckThread:100 - exiting critical section [integrity check]
2025-08-14 22:15:37,376 [INFO] IntegrityCheckThread:103 - End integrity checks thread
2025-08-14 22:45:38,838 [ERROR] AdobePublisher:162 - Exception while opening the connection: java.net.SocketTimeoutException: Read timed out
